VEC 0 NORMAL PASS A=3f800000 B=3f800000 EXP=3f800000 GOT=3f800000
VEC 1 NORMAL PASS A=40000000 B=40000000 EXP=40800000 GOT=40800000
VEC 2 NORMAL PASS A=40400000 B=40000000 EXP=40c00000 GOT=40c00000
VEC 3 NORMAL PASS A=40600000 B=40000000 EXP=40e00000 GOT=40e00000
VEC 4 NORMAL PASS A=40800000 B=40000000 EXP=41000000 GOT=41000000
VEC 5 NORMAL PASS A=bf800000 B=3f800000 EXP=bf800000 GOT=bf800000
VEC 6 NORMAL PASS A=3f800000 B=bf800000 EXP=bf800000 GOT=bf800000
VEC 7 NORMAL PASS A=bf800000 B=bf800000 EXP=3f800000 GOT=3f800000
VEC 8 NORMAL PASS A=c0000000 B=40800000 EXP=c1000000 GOT=c1000000
VEC 9 NORMAL PASS A=40800000 B=c0000000 EXP=c1000000 GOT=c1000000
VEC 10 NORMAL PASS A=3f000000 B=40000000 EXP=3f800000 GOT=3f800000
VEC 11 NORMAL PASS A=3f000000 B=3f000000 EXP=3e800000 GOT=3e800000
VEC 12 NORMAL PASS A=3fc00000 B=40000000 EXP=40400000 GOT=40400000
VEC 13 NORMAL PASS A=40200000 B=40000000 EXP=40a00000 GOT=40a00000
VEC 14 NORMAL PASS A=41200000 B=40000000 EXP=41a00000 GOT=41a00000
VEC 15 NORMAL PASS A=3e800000 B=40000000 EXP=3f000000 GOT=3f000000
VEC 16 NORMAL PASS A=3e800000 B=3e800000 EXP=3d800000 GOT=3d800000
VEC 17 NORMAL PASS A=3f400000 B=3f400000 EXP=3f100000 GOT=3f100000
VEC 18 NORMAL PASS A=3fa00000 B=3fa00000 EXP=3fc80000 GOT=3fc80000
VEC 19 NORMAL PASS A=3fc00000 B=3fc00000 EXP=40100000 GOT=40100000
VEC 20 ZERO PASS A=00000000 B=00000000 EXP=00000000 GOT=00000000
VEC 21 ZERO PASS A=00000000 B=3f800000 EXP=00000000 GOT=00000000
VEC 22 ZERO PASS A=3f800000 B=00000000 EXP=00000000 GOT=00000000
VEC 23 ZERO PASS A=00000000 B=40000000 EXP=00000000 GOT=00000000
VEC 24 ZERO PASS A=40a00000 B=00000000 EXP=00000000 GOT=00000000
VEC 25 ZERO PASS A=80000000 B=3f800000 EXP=80000000 GOT=80000000
VEC 26 ZERO PASS A=3f800000 B=80000000 EXP=80000000 GOT=80000000
VEC 27 ZERO PASS A=80000000 B=40000000 EXP=80000000 GOT=80000000
VEC 28 ZERO PASS A=40000000 B=80000000 EXP=80000000 GOT=80000000
VEC 29 ZERO PASS A=80000000 B=80000000 EXP=00000000 GOT=00000000
VEC 30 INF PASS A=7f800000 B=3f800000 EXP=7f800000 GOT=7f800000
VEC 31 INF PASS A=3f800000 B=7f800000 EXP=7f800000 GOT=7f800000
VEC 32 INF PASS A=ff800000 B=3f800000 EXP=ff800000 GOT=ff800000
VEC 33 INF PASS A=3f800000 B=ff800000 EXP=ff800000 GOT=ff800000
VEC 34 INF PASS A=7f800000 B=40000000 EXP=7f800000 GOT=7f800000
VEC 35 NAN PASS A=7f800000 B=00000000 EXP=7fc00000 GOT=7fc00000
VEC 36 NAN PASS A=00000000 B=7f800000 EXP=7fc00000 GOT=7fc00000
VEC 37 NAN PASS A=ff800000 B=00000000 EXP=7fc00000 GOT=7fc00000
VEC 38 NAN PASS A=00000000 B=ff800000 EXP=7fc00000 GOT=7fc00000
VEC 39 NAN PASS A=7fc00000 B=3f800000 EXP=7fc00000 GOT=7fc00000
VEC 40 NAN PASS A=3f800000 B=7fc00000 EXP=7fc00000 GOT=7fc00000
VEC 41 NAN PASS A=7fc00000 B=40000000 EXP=7fc00000 GOT=7fc00000
VEC 42 NAN PASS A=40000000 B=7fc00000 EXP=7fc00000 GOT=7fc00000
VEC 43 NAN PASS A=7fc00000 B=7fc00000 EXP=7fc00000 GOT=7fc00000
VEC 44 OVERFLOW PASS A=7f7fffff B=7f7fffff EXP=7f800000 GOT=7f800000
VEC 45 OVERFLOW PASS A=7f7fffff B=40000000 EXP=7f800000 GOT=7f800000
VEC 46 OVERFLOW PASS A=7effffff B=7effffff EXP=7f800000 GOT=7f800000
VEC 47 UNDERFLOW PASS A=00800000 B=00800000 EXP=00000000 GOT=00000000
VEC 48 UNDERFLOW PASS A=00800000 B=00400000 EXP=00000000 GOT=00000000
VEC 49 UNDERFLOW PASS A=00400000 B=00400000 EXP=00000000 GOT=00000000
VEC 50 NORMAL PASS A=3f800000 B=40400000 EXP=40400000 GOT=40400000
VEC 51 NORMAL PASS A=40400000 B=3f800000 EXP=40400000 GOT=40400000
VEC 52 NORMAL PASS A=40000000 B=40400000 EXP=40c00000 GOT=40c00000
VEC 53 NORMAL PASS A=40400000 B=40000000 EXP=40c00000 GOT=40c00000
