VEC 0 random_normal PASS A=03c66852 B=1d23b8c1 EXP=00000000 GOT=00000000
VEC 1 random_normal PASS A=5716419f B=8487a0ca EXP=9c1f35f4 GOT=9c1f35f4
VEC 2 random_normal PASS A=1c3b8faa B=4832e706 EXP=25031327 GOT=25031327
VEC 3 random_normal PASS A=9cf2ff5d B=e801a9e7 EXP=457627e7 GOT=457627e7
VEC 4 random_normal PASS A=59ec3075 B=a427cd81 EXP=be9ad136 GOT=be9ad136
VEC 5 random_normal PASS A=7b562b0f B=0c6142ea EXP=483c73d3 GOT=483c73d3
VEC 6 random_normal PASS A=2e580d7b B=e78b1f91 EXP=d66ad3eb GOT=d66ad3eb
VEC 7 random_normal PASS A=c51ff49b B=8acb0dbb EXP=107dbf16 GOT=107dbf16
VEC 8 random_normal PASS A=ca3139d3 B=063a578a EXP=9101009d GOT=9101009d
VEC 9 random_normal PASS A=fe946d3f B=6f19db3a EXP=ff800000 GOT=ff800000
VEC 10 random_normal PASS A=a47412b2 B=955ec42e EXP=00000000 GOT=00000000
VEC 11 random_normal PASS A=9b4458a8 B=4e2bcfbe EXP=aa03c68d GOT=aa03c68d
VEC 12 random_normal PASS A=157656af B=a33838b3 EXP=80000000 GOT=80000000
VEC 13 random_normal PASS A=ec0e51f3 B=698837b8 EXP=ff800000 GOT=ff800000
VEC 14 random_normal PASS A=b3c48aaa B=1bd08eba EXP=90201e3d GOT=90201e3d
VEC 15 random_normal PASS A=547fcd9e B=f1f57750 EXP=ff800000 GOT=ff800000
VEC 16 random_normal PASS A=2223bed0 B=5fc34308 EXP=4279ca70 GOT=4279ca70
VEC 17 random_normal PASS A=f3663f1c B=9ca369b5 EXP=5092f941 GOT=5092f941
VEC 18 random_normal PASS A=8c0c0fd1 B=1428f494 EXP=80000000 GOT=80000000
VEC 19 random_normal PASS A=cc90435a B=b177d21e EXP=3e8ba763 GOT=3e8ba763
VEC 20 random_normal PASS A=fc82f06b B=57c44ea7 EXP=ff800000 GOT=ff800000
VEC 21 random_normal PASS A=8ecb22d3 B=94f4273c EXP=00000000 GOT=00000000
VEC 22 random_normal PASS A=7ac36d76 B=411b3dbd EXP=7c6d04cf GOT=7c6d04cf
VEC 23 random_normal PASS A=ec32ebd6 B=30295b47 EXP=dcecbaf7 GOT=dcecbaf7
VEC 24 random_normal PASS A=4d52fbe4 B=829ca35c EXP=90811821 GOT=90811821
VEC 25 random_normal PASS A=f0ceb93e B=07bda9c2 EXP=b91927d7 GOT=b91927d7
VEC 26 random_normal PASS A=0b7c69de B=7da031d7 EXP=499df34f GOT=499df34f
VEC 27 random_normal PASS A=54f9ac1b B=226c52c4 EXP=37e67b61 GOT=37e67b61
VEC 28 random_normal PASS A=77337ea2 B=b3df987c EXP=eb9cc639 GOT=eb9cc639
VEC 29 random_normal PASS A=f3f39498 B=203985c3 EXP=d4b085a7 GOT=d4b085a7
VEC 30 random_normal PASS A=2b856280 B=4bb8602a EXP=37c021cd GOT=37c021cd
VEC 31 random_normal PASS A=098f1259 B=09080aad EXP=00000000 GOT=00000000
VEC 32 random_normal PASS A=89bceddf B=d67c441f EXP=20ba2c6d GOT=20ba2c6d
VEC 33 random_normal PASS A=45a1df30 B=9ff914c1 EXP=a61d7f35 GOT=a61d7f35
VEC 34 random_normal PASS A=989825bc B=54ee595e EXP=ae0da831 GOT=ae0da831
VEC 35 random_normal PASS A=b6e93dff B=ef0dde29 EXP=6681418e GOT=6681418e
VEC 36 random_normal PASS A=08671230 B=e69bf90e EXP=af8cc8d0 GOT=af8cc8d0
VEC 37 random_normal PASS A=1930b187 B=926c006f EXP=80000000 GOT=80000000
VEC 38 random_normal PASS A=24766ecb B=70134c6c EXP=550dcb2f GOT=550dcb2f
VEC 39 random_normal PASS A=e799108b B=5383c72b EXP=fb9d9519 GOT=fb9d9519
VEC 40 random_normal PASS A=773c835d B=34fc52fa EXP=6cb9ce69 GOT=6cb9ce69
VEC 41 random_normal PASS A=9be6aa93 B=15e10461 EXP=80000000 GOT=80000000
VEC 42 random_normal PASS A=7ee3f2ae B=f7747b6d EXP=ff800000 GOT=ff800000
VEC 43 random_normal PASS A=b6fc967f B=18cbf50b EXP=90493d1d GOT=90493d1d
VEC 44 random_normal PASS A=7c0ef8c2 B=60504867 EXP=7f800000 GOT=7f800000
VEC 45 random_normal PASS A=06fa0ecf B=0794822f EXP=00000000 GOT=00000000
VEC 46 random_normal PASS A=091165e2 B=341eb0e3 EXP=00000000 GOT=00000000
VEC 47 random_normal PASS A=4a8a2c82 B=3650fd9d EXP=41619a18 GOT=41619a18
VEC 48 random_normal PASS A=9ad06e5a B=22655238 EXP=80000000 GOT=80000000
VEC 49 random_normal PASS A=564ccc9b B=a892922f EXP=bf6a8345 GOT=bf6a8345
VEC 50 random_normal PASS A=3b19985f B=45369147 EXP=40db12fa GOT=40db12fa
VEC 51 random_normal PASS A=915958a4 B=713e896c EXP=c321c475 GOT=c321c475
VEC 52 random_normal PASS A=a4a86218 B=eb4d71c3 EXP=50872160 GOT=50872160
VEC 53 random_normal PASS A=55cca415 B=78a260e7 EXP=7f800000 GOT=7f800000
VEC 54 random_normal PASS A=8f1b66b5 B=2348212d EXP=80000000 GOT=80000000
VEC 55 random_normal PASS A=5c57c700 B=58439472 EXP=7524d9b4 GOT=7524d9b4
VEC 56 random_normal PASS A=a08d0128 B=51ec6f76 EXP=b3023a75 GOT=b3023a75
VEC 57 random_normal PASS A=8600e85e B=e3217d65 EXP=29a2a28e GOT=29a2a28e
VEC 58 random_normal PASS A=95711c21 B=c80279b6 EXP=1df5c5d4 GOT=1df5c5d4
VEC 59 random_normal PASS A=0a26286b B=6b5e84f0 EXP=36106d55 GOT=36106d55
VEC 60 random_normal PASS A=37a0a045 B=27dd59cd EXP=200ae2b3 GOT=200ae2b3
VEC 61 random_normal PASS A=73db9962 B=57bfe12e EXP=7f800000 GOT=7f800000
VEC 62 random_normal PASS A=2de80859 B=76bc9ad1 EXP=652af273 GOT=652af273
VEC 63 random_normal PASS A=7d2d534d B=83adea94 EXP=c16b803a GOT=c16b803a
VEC 64 random_normal PASS A=e4e96608 B=22a8c130 EXP=c819db16 GOT=c819db16
VEC 65 random_normal PASS A=3109e9db B=9cb31734 EXP=8e40f608 GOT=8e40f608
VEC 66 random_normal PASS A=ad4e20fd B=1d060edf EXP=8ad7e27b GOT=8ad7e27b
VEC 67 random_normal PASS A=33d408f9 B=ef11c58e EXP=e371796b GOT=e371796b
VEC 68 random_normal PASS A=ad665152 B=f88710d4 EXP=6673080c GOT=6673080c
VEC 69 random_normal PASS A=70c2deff B=4ac3f59a EXP=7c152ad0 GOT=7c152ad0
VEC 70 random_normal PASS A=0e6f3f92 B=ddd04d28 EXP=acc2abc2 GOT=acc2abc2
VEC 71 random_normal PASS A=ce1d9af6 B=f3b0a900 EXP=7f800000 GOT=7f800000
VEC 72 random_normal PASS A=866fa177 B=433270e4 EXP=8a2707f0 GOT=8a2707f0
VEC 73 random_normal PASS A=b791e9cd B=d0505cc6 EXP=486d85ae GOT=486d85ae
VEC 74 random_normal PASS A=5ccce1eb B=d5e88c70 EXP=f33a1d22 GOT=f33a1d22
VEC 75 random_normal PASS A=b44bb00f B=196ba25e EXP=8e3b7bcd GOT=8e3b7bcd
VEC 76 random_normal PASS A=d72c8d0e B=b4001a9a EXP=4bacb0ea GOT=4bacb0ea
VEC 77 random_normal PASS A=a535ce88 B=e5527eec EXP=4b157d8e GOT=4b157d8e
VEC 78 random_normal PASS A=b9713162 B=41f922ba EXP=bbeab9c0 GOT=bbeab9c0
VEC 79 random_normal PASS A=5495b529 B=c255cee5 EXP=d77a1171 GOT=d77a1171
VEC 80 random_normal PASS A=693c2059 B=9d32fa2d EXP=c7038656 GOT=c7038656
VEC 81 random_normal PASS A=038bd4a9 B=7e79a289 EXP=42885a9f GOT=42885a9f
VEC 82 random_normal PASS A=3aea18ce B=5c624c69 EXP=57ceefc5 GOT=57ceefc5
VEC 83 random_normal PASS A=b3be75c3 B=54016b62 EXP=c8409276 GOT=c8409276
VEC 84 random_normal PASS A=646cd661 B=1776ecbd EXP=3c647105 GOT=3c647105
VEC 85 random_normal PASS A=47bfcb75 B=3aa22282 EXP=42f2f134 GOT=42f2f134
VEC 86 random_normal PASS A=d5d13a70 B=ceed3ee1 EXP=6541e67d GOT=6541e67d
VEC 87 random_normal PASS A=f328be92 B=ba425a60 EXP=6e001bfc GOT=6e001bfc
VEC 88 random_normal PASS A=6c46fde0 B=d0bd3f37 EXP=fd931a91 GOT=fd931a91
VEC 89 random_normal PASS A=b893d5f2 B=9ec58f1f EXP=17e42c93 GOT=17e42c93
VEC 90 random_normal PASS A=a914a0bc B=13bb33f3 EXP=80000000 GOT=80000000
VEC 91 random_normal PASS A=d9271e3e B=08ea34c8 EXP=a298e419 GOT=a298e419
VEC 92 random_normal PASS A=aaf746d0 B=8834f319 EXP=00000000 GOT=00000000
VEC 93 random_normal PASS A=b205000b B=bd818267 EXP=3006918a GOT=3006918a
VEC 94 random_normal PASS A=a6e3d62a B=c5387539 EXP=2ca42a41 GOT=2ca42a41
VEC 95 random_normal PASS A=9cc5df16 B=be876e2b EXP=1bd15b97 GOT=1bd15b97
VEC 96 random_normal PASS A=abe7814c B=6c77a6e1 EXP=d8dff4a9 GOT=d8dff4a9
VEC 97 random_normal PASS A=7e06e745 B=cc06f028 EXP=ff800000 GOT=ff800000
VEC 98 random_normal PASS A=52edb991 B=6f7631de EXP=7f800000 GOT=7f800000
VEC 99 random_normal PASS A=06c2999a B=aa362f5e EXP=80000000 GOT=80000000
VEC 100 random_normal PASS A=aa56666f B=a46bebac EXP=0f459567 GOT=0f459567
VEC 101 random_normal PASS A=eb14f7ce B=828d557b EXP=2e247c74 GOT=2e247c74
VEC 102 random_normal PASS A=9d1190f9 B=6107f194 EXP=be9a99a1 GOT=be9a99a1
VEC 103 random_normal PASS A=1a05379f B=1f205004 EXP=00000000 GOT=00000000
VEC 104 random_normal PASS A=d61d48a0 B=3c41992f EXP=d2ede3bb GOT=d2ede3bb
VEC 105 random_normal PASS A=959d5206 B=7bcfa03f EXP=d1ff2f99 GOT=d1ff2f99
VEC 106 random_normal PASS A=4a8692dc B=ca60141d EXP=d56b9626 GOT=d56b9626
VEC 107 random_normal PASS A=f932c5bd B=4c3e2b60 EXP=ff800000 GOT=ff800000
VEC 108 random_normal PASS A=59cd3485 B=660a8381 EXP=7f800000 GOT=7f800000
VEC 109 random_normal PASS A=c4edaa2e B=89575aed EXP=0ec7ee56 GOT=0ec7ee56
VEC 110 random_normal PASS A=6d6b88f8 B=8e6efb63 EXP=bc5be0a0 GOT=bc5be0a0
VEC 111 random_normal PASS A=d1f5b17a B=382d174f EXP=caa61f4e GOT=caa61f4e
VEC 112 random_normal PASS A=cf7bc67e B=b844b591 EXP=4841768a GOT=4841768a
VEC 113 random_normal PASS A=edbed8c5 B=247367c2 EXP=d2b5751c GOT=d2b5751c
VEC 114 random_normal PASS A=60f6f722 B=ab8758e2 EXP=cd029211 GOT=cd029211
VEC 115 random_normal PASS A=ed533420 B=3eb64d7c EXP=ec9666fb GOT=ec9666fb
VEC 116 random_normal PASS A=e6c22362 B=a446b989 EXP=4b96b411 GOT=4b96b411
VEC 117 random_normal PASS A=42b0e912 B=1f680bac EXP=22a05b49 GOT=22a05b49
VEC 118 random_normal PASS A=c7bd85de B=d37da677 EXP=5bbbc889 GOT=5bbbc889
VEC 119 random_normal PASS A=e5846a0d B=2638ba8a EXP=cc3f196b GOT=cc3f196b
VEC 120 random_normal PASS A=d93e493f B=d55e781f EXP=6f255cce GOT=6f255cce
VEC 121 random_normal PASS A=c758007c B=dfd4aebd EXP=67b373d6 GOT=67b373d6
VEC 122 random_normal PASS A=da7428a6 B=a7c05bfd EXP=42b77638 GOT=42b77638
VEC 123 random_normal PASS A=0fb14d34 B=8faf65fa EXP=80000000 GOT=80000000
VEC 124 random_normal PASS A=1c7bf470 B=dd48729a EXP=ba4547c1 GOT=ba4547c1
VEC 125 random_normal PASS A=6b31b1b0 B=9ddc62b3 EXP=c998f935 GOT=c998f935
VEC 126 random_normal PASS A=27039f3a B=238ba6ea EXP=0b0f9a8c GOT=0b0f9a8c
VEC 127 random_normal PASS A=474ac977 B=527daa39 EXP=5a48eff1 GOT=5a48eff1
VEC 128 random_normal PASS A=700323d3 B=bcfa8d03 EXP=ed805938 GOT=ed805938
VEC 129 random_normal PASS A=ac2f3275 B=20fa4c75 EXP=8dab4b99 GOT=8dab4b99
VEC 130 random_normal PASS A=6990ba58 B=bf12f70c EXP=e9262be1 GOT=e9262be1
VEC 131 random_normal PASS A=13a631d0 B=8b3f8971 EXP=80000000 GOT=80000000
VEC 132 random_normal PASS A=47ea8a61 B=63e16074 EXP=6c4e7bfd GOT=6c4e7bfd
VEC 133 random_normal PASS A=f4f15629 B=eeedc7ca EXP=7f800000 GOT=7f800000
VEC 134 random_normal PASS A=c90f6b40 B=79b53196 EXP=ff800000 GOT=ff800000
VEC 135 random_normal PASS A=2214c8b3 B=1f2c7f0b EXP=01c8815c GOT=01c8815c
VEC 136 random_normal PASS A=1480af5b B=ba784c2f EXP=8f79a057 GOT=8f79a057
VEC 137 random_normal PASS A=84bb4206 B=dac8603b EXP=201291f8 GOT=201291f8
VEC 138 random_normal PASS A=89bbc1a9 B=e532a447 EXP=2f830523 GOT=2f830523
VEC 139 random_normal PASS A=8f398d1c B=74c4007d EXP=c48e1064 GOT=c48e1064
VEC 140 random_normal PASS A=098f4470 B=65cebfa5 EXP=2fe768a5 GOT=2fe768a5
VEC 141 random_normal PASS A=b89fd5a4 B=d8cdd8eb EXP=52008583 GOT=52008583
VEC 142 random_normal PASS A=f945b1ed B=b89497d6 EXP=7265803c GOT=7265803c
VEC 143 random_normal PASS A=726e996e B=cdc0181c EXP=ff800000 GOT=ff800000
VEC 144 random_normal PASS A=0c3a9aca B=6244feac EXP=2f0f9825 GOT=2f0f9825
VEC 145 random_normal PASS A=622cd94c B=c2f135f2 EXP=e5a2dcfc GOT=e5a2dcfc
VEC 146 random_normal PASS A=97ef9628 B=fc975ba9 EXP=550da75a GOT=550da75a
VEC 147 random_normal PASS A=ad688980 B=a99ac70e EXP=178c9786 GOT=178c9786
VEC 148 random_normal PASS A=2ae96192 B=a5668409 EXP=90d22607 GOT=90d22607
VEC 149 random_normal PASS A=3a968b16 B=a0d2c212 EXP=9bf7e070 GOT=9bf7e070
VEC 150 random_normal PASS A=7ce77804 B=54f64414 EXP=7f800000 GOT=7f800000
VEC 151 random_normal PASS A=87300568 B=d07f9d3e EXP=182fc180 GOT=182fc180
VEC 152 random_normal PASS A=e18d366d B=22a18a15 EXP=c4b236ca GOT=c4b236ca
VEC 153 random_normal PASS A=b8fc1612 B=043d4299 EXP=80000000 GOT=80000000
VEC 154 random_normal PASS A=2803802b B=8c3985fb EXP=80000000 GOT=80000000
VEC 155 random_normal PASS A=3b9e1242 B=404ab770 EXP=3c7a5758 GOT=3c7a5758
VEC 156 random_normal PASS A=b5fb8517 B=9ff4eff5 EXP=1670a69b GOT=1670a69b
VEC 157 random_normal PASS A=31b0cbd7 B=6f11df12 EXP=61497b05 GOT=61497b05
VEC 158 random_normal PASS A=e36a39aa B=f844656d EXP=7f800000 GOT=7f800000
VEC 159 random_normal PASS A=24cc6e27 B=ef260a59 EXP=d48497b0 GOT=d48497b0
VEC 160 random_normal PASS A=c57bfdcc B=ab6090d6 EXP=315d0ca3 GOT=315d0ca3
VEC 161 random_normal PASS A=f7d26000 B=7e3d225c EXP=ff800000 GOT=ff800000
VEC 162 random_normal PASS A=9e69288e B=297914f8 EXP=8862db8b GOT=8862db8b
VEC 163 random_normal PASS A=b1a6f05f B=fb897a1e EXP=6db34c89 GOT=6db34c89
VEC 164 random_normal PASS A=40d4fd9a B=7070b7e8 EXP=71c846c2 GOT=71c846c2
VEC 165 random_normal PASS A=43f4f93d B=5ca4e75e EXP=611dcd11 GOT=611dcd11
VEC 166 random_normal PASS A=efa78437 B=3cc3d888 EXP=ed002766 GOT=ed002766
VEC 167 random_normal PASS A=d065c177 B=6dd41cdf EXP=febe5e1f GOT=febe5e1f
VEC 168 random_normal PASS A=fad110b4 B=f00930ae EXP=7f800000 GOT=7f800000
VEC 169 random_normal PASS A=1ec991ab B=60172319 EXP=3f6e011c GOT=3f6e011c
VEC 170 random_normal PASS A=fd993391 B=392a96e1 EXP=f74c2d12 GOT=f74c2d12
VEC 171 random_normal PASS A=f4076916 B=2a0e5dd4 EXP=de969bd7 GOT=de969bd7
VEC 172 random_normal PASS A=ae5ff595 B=933e83b9 EXP=0226ab81 GOT=0226ab81
VEC 173 random_normal PASS A=c8ae1835 B=16943745 EXP=9fc99729 GOT=9fc99729
VEC 174 random_normal PASS A=cfbda705 B=f524a35c EXP=7f800000 GOT=7f800000
VEC 175 random_normal PASS A=3bc104a8 B=a10267de EXP=9d44a55b GOT=9d44a55b
VEC 176 random_normal PASS A=f3c9a23a B=09f11533 EXP=be3de26b GOT=be3de26b
VEC 177 random_normal PASS A=fecc955f B=d8c0066f EXP=7f800000 GOT=7f800000
VEC 178 random_normal PASS A=eccd57d8 B=31fbb386 EXP=df49e520 GOT=df49e520
VEC 179 random_normal PASS A=1ee1a117 B=ca4bbe4a EXP=a9b39274 GOT=a9b39274
VEC 180 random_normal PASS A=83655386 B=818c8e29 EXP=00000000 GOT=00000000
VEC 181 random_normal PASS A=eb494405 B=4e5a31b4 EXP=fa2b8aff GOT=fa2b8aff
VEC 182 random_normal PASS A=51b0ac7d B=d72303f6 EXP=e961011e GOT=e961011e
VEC 183 random_normal PASS A=740a1799 B=e570d9c9 EXP=ff800000 GOT=ff800000
VEC 184 random_normal PASS A=4add678b B=0c4b8c5b EXP=17b00a7e GOT=17b00a7e
VEC 185 random_normal PASS A=e06a5e69 B=1a21d539 EXP=bb142894 GOT=bb142894
VEC 186 random_normal PASS A=c445c45a B=217b5a61 EXP=a6422d56 GOT=a6422d56
VEC 187 random_normal PASS A=e056b60a B=3c1346d1 EXP=dcf70bd9 GOT=dcf70bd9
VEC 188 random_normal PASS A=6139c1e2 B=fc5da36f EXP=ff800000 GOT=ff800000
VEC 189 random_normal PASS A=65e502d6 B=221fa382 EXP=488ecf08 GOT=488ecf08
VEC 190 random_normal PASS A=afc31d02 B=e9df18e5 EXP=5a2a093d GOT=5a2a093d
VEC 191 random_normal PASS A=56bbdbc0 B=83d3f838 EXP=9b1b8c45 GOT=9b1b8c45
VEC 192 random_normal PASS A=53102efd B=f4cd5c55 EXP=ff800000 GOT=ff800000
VEC 193 random_normal PASS A=8f23c86d B=798986bb EXP=c92ff8e9 GOT=c92ff8e9
VEC 194 random_normal PASS A=bf9dba12 B=1ea2bae1 EXP=9ec885c6 GOT=9ec885c6
VEC 195 random_normal PASS A=badefa9c B=cba78ed0 EXP=4711f1df GOT=4711f1df
VEC 196 random_normal PASS A=d419597b B=cf687a48 EXP=640b4257 GOT=640b4257
VEC 197 random_normal PASS A=84dedb0d B=3971d796 EXP=80000000 GOT=80000000
VEC 198 random_normal PASS A=6ddcd8fe B=7e5e09a9 EXP=7f800000 GOT=7f800000
VEC 199 random_normal PASS A=8865ec7a B=989f45db EXP=00000000 GOT=00000000
VEC 200 random_normal PASS A=8c364c91 B=06d560db EXP=80000000 GOT=80000000
VEC 201 random_normal PASS A=7f203c8c B=09350843 EXP=48e29ff5 GOT=48e29ff5
VEC 202 random_normal PASS A=68bba5cd B=e3a5c61c EXP=ff800000 GOT=ff800000
VEC 203 random_normal PASS A=23a50a45 B=45c02adf EXP=29f7c6ae GOT=29f7c6ae
VEC 204 random_normal PASS A=0e869987 B=025bb5c4 EXP=00000000 GOT=00000000
VEC 205 random_normal PASS A=4bd2e2af B=16c3ef20 EXP=232167a7 GOT=232167a7
VEC 206 random_normal PASS A=10ebc412 B=5f904556 EXP=3104de25 GOT=3104de25
VEC 207 random_normal PASS A=b9dcae96 B=3a38b77c EXP=b49f3ba7 GOT=b49f3ba7
VEC 208 random_normal PASS A=5dcd37a5 B=d287f97d EXP=f0da00ae GOT=f0da00ae
VEC 209 random_normal PASS A=3de6d063 B=d81ba362 EXP=d68c537a GOT=d68c537a
VEC 210 random_normal PASS A=dbf18d4d B=7394aeaf EXP=ff800000 GOT=ff800000
VEC 211 random_normal PASS A=ce25f934 B=10c66772 EXP=9f80a1cf GOT=9f80a1cf
VEC 212 random_normal PASS A=b14b7e6b B=c16e218b EXP=333d4a31 GOT=333d4a31
VEC 213 random_normal PASS A=661d4a3d B=37f3991a EXP=5e95ab89 GOT=5e95ab89
VEC 214 random_normal PASS A=3556c438 B=b3ea7e4c EXP=a9c4b94f GOT=a9c4b94f
VEC 215 random_normal PASS A=28ed4067 B=d5c14075 EXP=bf33194a GOT=bf33194a
VEC 216 random_normal PASS A=faa71358 B=89175a81 EXP=44458ef3 GOT=44458ef3
VEC 217 random_normal PASS A=0c6e8f75 B=5fdf65c8 EXP=2cd02dcf GOT=2cd02dcf
VEC 218 random_normal PASS A=478f5ae9 B=d61f4a8c EXP=de32666a GOT=de32666a
VEC 219 random_normal PASS A=adec4596 B=7c49a214 EXP=eaba1839 GOT=eaba1839
VEC 220 random_normal PASS A=ad9a8591 B=147b70c3 EXP=8297c505 GOT=8297c505
VEC 221 random_normal PASS A=6c9bb433 B=ecde187b EXP=ff800000 GOT=ff800000
VEC 222 random_normal PASS A=6247503f B=67edda4f EXP=7f800000 GOT=7f800000
VEC 223 random_normal PASS A=4e447774 B=17c5f50c EXP=2697ebfb GOT=2697ebfb
VEC 224 random_normal PASS A=f656febf B=812e7098 EXP=38127fb4 GOT=38127fb4
VEC 225 random_normal PASS A=48e699cd B=1287d924 EXP=1bf4bd67 GOT=1bf4bd67
VEC 226 random_normal PASS A=603712f2 B=b6742221 EXP=d72e9676 GOT=d72e9676
VEC 227 random_normal PASS A=94debbcc B=dcd30ac1 EXP=32379e24 GOT=32379e24
VEC 228 random_normal PASS A=718d77c5 B=148cbd3c EXP=469b8c24 GOT=469b8c24
VEC 229 random_normal PASS A=23716fda B=bef129ce EXP=a2e371b9 GOT=a2e371b9
VEC 230 random_normal PASS A=a3372f87 B=2cee0ed1 EXP=90aa58c9 GOT=90aa58c9
VEC 231 random_normal PASS A=24fc93f6 B=863873e5 EXP=80000000 GOT=80000000
VEC 232 random_normal PASS A=fe8e0630 B=1acd29d1 EXP=d9e3a44e GOT=d9e3a44e
VEC 233 random_normal PASS A=62a321d1 B=a5d3ffd3 EXP=c90717e4 GOT=c90717e4
VEC 234 random_normal PASS A=017f54a5 B=96a11250 EXP=80000000 GOT=80000000
VEC 235 random_normal PASS A=c4bae889 B=89e5a674 EXP=0f27ab8a GOT=0f27ab8a
VEC 236 random_normal PASS A=3804cc3e B=f613eecd EXP=ee997a4f GOT=ee997a4f
VEC 237 random_normal PASS A=ca6de593 B=db6aedfd EXP=665a5101 GOT=665a5101
VEC 238 random_normal PASS A=8f67b032 B=7c532401 EXP=cc3f16ce GOT=cc3f16ce
VEC 239 random_normal PASS A=6775c8e9 B=8befcc57 EXP=b3e63ac1 GOT=b3e63ac1
VEC 240 random_normal PASS A=1fef887f B=c3942237 EXP=a40a9aed GOT=a40a9aed
VEC 241 random_normal PASS A=efcf6e27 B=9cd543fc EXP=4d2ccdbc GOT=4d2ccdbc
VEC 242 random_normal PASS A=0a1d30d9 B=745970a8 EXP=3f058394 GOT=3f058394
VEC 243 random_normal PASS A=dda5cf00 B=0da57d5e EXP=abd65f3b GOT=abd65f3b
VEC 244 random_normal PASS A=99ac6a6e B=61934a5a EXP=bbc66661 GOT=bbc66661
VEC 245 random_normal PASS A=7a7e7e74 B=e172eb74 EXP=ff800000 GOT=ff800000
VEC 246 random_normal PASS A=ef50ee7a B=38917b35 EXP=e86d7741 GOT=e86d7741
VEC 247 random_normal PASS A=b94d85a3 B=cc0e614b EXP=45e49c78 GOT=45e49c78
VEC 248 random_normal PASS A=c112fe28 B=bbf3b0a0 EXP=3d8becaa GOT=3d8becaa
VEC 249 random_normal PASS A=07de6596 B=8a171dab EXP=80000000 GOT=80000000
VEC 250 random_normal PASS A=bb8a8076 B=f4b03076 EXP=70bea512 GOT=70bea512
VEC 251 random_normal PASS A=cdf9c2d2 B=7b0fd6f4 EXP=ff800000 GOT=ff800000
VEC 252 random_normal PASS A=8dd7eb89 B=412c2cd2 EXP=8f91380d GOT=8f91380d
VEC 253 random_normal PASS A=207010ed B=c3a8a397 EXP=a49e2483 GOT=a49e2483
VEC 254 random_normal PASS A=b0486bb6 B=b4d69f3a EXP=25a806b2 GOT=25a806b2
VEC 255 random_normal PASS A=65d5ab94 B=2a98318a EXP=50fe0e71 GOT=50fe0e71
VEC 256 random_normal PASS A=a4c082cb B=2b14dd50 EXP=905fe414 GOT=905fe414
VEC 257 random_normal PASS A=75d98dda B=fc64575b EXP=ff800000 GOT=ff800000
VEC 258 random_normal PASS A=4c95b025 B=c8606e0e EXP=d5833a7a GOT=d5833a7a
VEC 259 random_normal PASS A=e8a0b717 B=536c645c EXP=fc9467ca GOT=fc9467ca
VEC 260 random_normal PASS A=82dcd333 B=97b6d554 EXP=00000000 GOT=00000000
VEC 261 random_normal PASS A=f9fc7c40 B=1d23377b EXP=d7a0f9d4 GOT=d7a0f9d4
VEC 262 random_normal PASS A=0a4bb907 B=4109a9d1 EXP=0bdb1a50 GOT=0bdb1a50
VEC 263 random_normal PASS A=f0a18c6e B=94298908 EXP=4555f85b GOT=4555f85b
VEC 264 random_normal PASS A=6aaa60c6 B=86692e07 EXP=b19b30b6 GOT=b19b30b6
VEC 265 random_normal PASS A=d73ccec7 B=cec8f109 EXP=66943350 GOT=66943350
VEC 266 random_normal PASS A=9e3d3a25 B=fc781168 EXP=5b375d31 GOT=5b375d31
VEC 267 random_normal PASS A=2ff0cafd B=e2c82231 EXP=d33c3ebe GOT=d33c3ebe
VEC 268 random_normal PASS A=c0eb2d5b B=69331f63 EXP=eaa48d8c GOT=eaa48d8c
VEC 269 random_normal PASS A=70400035 B=52fb07fd EXP=7f800000 GOT=7f800000
VEC 270 random_normal PASS A=c71a4352 B=249578d7 EXP=ac3423ff GOT=ac3423ff
VEC 271 random_normal PASS A=23730695 B=6aeffe33 EXP=4ee3d476 GOT=4ee3d476
VEC 272 random_normal PASS A=79b8d77b B=f1d97e68 EXP=ff800000 GOT=ff800000
VEC 273 random_normal PASS A=358da23e B=c0dfbbf0 EXP=b6f7909c GOT=b6f7909c
VEC 274 random_normal PASS A=3194e418 B=9d07374c EXP=8f1d48e3 GOT=8f1d48e3
VEC 275 random_normal PASS A=f7995d82 B=e5a5637c EXP=7f800000 GOT=7f800000
VEC 276 random_normal PASS A=054970ed B=d9a387ea EXP=9f80add9 GOT=9f80add9
VEC 277 random_normal PASS A=b9815824 B=02c1843b EXP=80000000 GOT=80000000
VEC 278 random_normal PASS A=6b2646ea B=8ec9c106 EXP=ba830b0d GOT=ba830b0d
VEC 279 random_normal PASS A=271f3174 B=1f6b79af EXP=07126e10 GOT=07126e10
VEC 280 random_normal PASS A=889c612e B=cc84351b EXP=15a18518 GOT=15a18518
VEC 281 random_normal PASS A=5c24c173 B=b7006685 EXP=d3a54568 GOT=d3a54568
VEC 282 random_normal PASS A=9f6aa42c B=5595eacb EXP=b58968c1 GOT=b58968c1
VEC 283 random_normal PASS A=890534a1 B=f0785ac5 EXP=3a013a36 GOT=3a013a36
VEC 284 random_normal PASS A=51e30aa7 B=a0842873 EXP=b2ea6abb GOT=b2ea6abb
VEC 285 random_normal PASS A=e5114b95 B=9f1a89b7 EXP=44af6b41 GOT=44af6b41
VEC 286 random_normal PASS A=918b5995 B=c656ab08 EXP=1869b3f7 GOT=1869b3f7
VEC 287 random_normal PASS A=6af6f186 B=d12ea9c5 EXP=fca87bec GOT=fca87bec
VEC 288 random_normal PASS A=08f52a7d B=26339b77 EXP=00000000 GOT=00000000
VEC 289 random_normal PASS A=65b31074 B=28cf6122 EXP=4f110e3e GOT=4f110e3e
VEC 290 random_normal PASS A=ff7930ba B=8530ec27 EXP=452c375e GOT=452c375e
VEC 291 random_normal PASS A=ae0c3ce2 B=a31fdd98 EXP=11af2668 GOT=11af2668
VEC 292 random_normal PASS A=b86667d3 B=f362fb26 EXP=6c4c49b2 GOT=6c4c49b2
VEC 293 random_normal PASS A=fd2fd340 B=d97f5db1 EXP=7f800000 GOT=7f800000
VEC 294 random_normal PASS A=f6c447ce B=5decac02 EXP=ff800000 GOT=ff800000
VEC 295 random_normal PASS A=37ae3265 B=a99a43db EXP=a1d1f0f9 GOT=a1d1f0f9
VEC 296 random_normal PASS A=2a4baf0f B=b9ed15f1 EXP=a4bca285 GOT=a4bca285
VEC 297 random_normal PASS A=58f1a3fa B=b98ad7c9 EXP=d3030e13 GOT=d3030e13
VEC 298 random_normal PASS A=cf6f5842 B=d20eaf04 EXP=62056695 GOT=62056695
VEC 299 random_normal PASS A=5667fd64 B=c228f4e3 EXP=d9191c34 GOT=d9191c34
VEC 300 random_normal PASS A=12f02c18 B=10913634 EXP=00000000 GOT=00000000
VEC 301 random_normal PASS A=645dc7b3 B=b1884a67 EXP=d66c2518 GOT=d66c2518
VEC 302 random_normal PASS A=57732e20 B=b071a601 EXP=c8658c1c GOT=c8658c1c
VEC 303 random_normal PASS A=49a33ffc B=b3507b90 EXP=bd84f2c8 GOT=bd84f2c8
VEC 304 random_normal PASS A=a01d0af7 B=5eafa0d8 EXP=bf577a54 GOT=bf577a54
VEC 305 random_normal PASS A=c2e3119a B=2242a259 EXP=a5aca356 GOT=a5aca356
VEC 306 random_normal PASS A=9bc91b90 B=9a1f652a EXP=00000000 GOT=00000000
VEC 307 random_normal PASS A=6d92f513 B=96f1f2ce EXP=c50ae418 GOT=c50ae418
VEC 308 random_normal PASS A=6851d081 B=db109fd8 EXP=ff800000 GOT=ff800000
VEC 309 random_normal PASS A=f2ccc9f5 B=5bac913a EXP=ff800000 GOT=ff800000
VEC 310 random_normal PASS A=c1b967e6 B=7eb37373 EXP=ff800000 GOT=ff800000
VEC 311 random_normal PASS A=1efe7838 B=2ede70f6 EXP=0e5d1c89 GOT=0e5d1c89
VEC 312 random_normal PASS A=e72138af B=08cf2dad EXP=b0827999 GOT=b0827999
VEC 313 random_normal PASS A=dc7a89cb B=e2e8d0a2 EXP=7f800000 GOT=7f800000
VEC 314 random_normal PASS A=10d128b9 B=3a7740d8 EXP=0bca0345 GOT=0bca0345
VEC 315 random_normal PASS A=90ae9522 B=378e2f89 EXP=88c1ee47 GOT=88c1ee47
VEC 316 random_normal PASS A=42a72c05 B=95a976aa EXP=98dd5319 GOT=98dd5319
VEC 317 random_normal PASS A=f839b86b B=f9c8b763 EXP=7f800000 GOT=7f800000
VEC 318 random_normal PASS A=20b240d7 B=90cd85e9 EXP=80000000 GOT=80000000
VEC 319 random_normal PASS A=40ab2bb8 B=16566e3c EXP=178f6040 GOT=178f6040
VEC 320 random_normal PASS A=6a07437c B=0643c07d EXP=30cedc38 GOT=30cedc38
VEC 321 random_normal PASS A=62eaa56e B=404a27eb EXP=63b94b1f GOT=63b94b1f
VEC 322 random_normal PASS A=be3eb051 B=a6f41b77 EXP=25b5d482 GOT=25b5d482
VEC 323 random_normal PASS A=588f5675 B=38ea662f EXP=52033e3d GOT=52033e3d
VEC 324 random_normal PASS A=bbb43ada B=ce24c778 EXP=4a680443 GOT=4a680443
VEC 325 random_normal PASS A=eed1beb8 B=fd66124a EXP=7f800000 GOT=7f800000
VEC 326 random_normal PASS A=61dedbb8 B=293de288 EXP=4ba54d6b GOT=4ba54d6b
VEC 327 random_normal PASS A=90447906 B=a024108e EXP=00000000 GOT=00000000
VEC 328 random_normal PASS A=06ca4b55 B=ef6b0ae0 EXP=b6b9bbbe GOT=b6b9bbbe
VEC 329 random_normal PASS A=7ba8e213 B=f8500e15 EXP=ff800000 GOT=ff800000
VEC 330 random_normal PASS A=6228caaa B=c2778132 EXP=e52330b9 GOT=e52330b9
VEC 331 random_normal PASS A=f14efc82 B=83170d75 EXP=34f443a4 GOT=34f443a4
VEC 332 random_normal PASS A=c1750d11 B=1c5a5755 EXP=9e5100b9 GOT=9e5100b9
VEC 333 random_normal PASS A=06c806f8 B=ccf87861 EXP=944224cf GOT=944224cf
VEC 334 random_normal PASS A=c50217ea B=37a2498f EXP=bd24f107 GOT=bd24f107
VEC 335 random_normal PASS A=dddda39a B=af0b9501 EXP=4d71b1ab GOT=4d71b1ab
VEC 336 random_normal PASS A=8731d4ee B=c749e1cd EXP=0f0c3d09 GOT=0f0c3d09
VEC 337 random_normal PASS A=31f34a6c B=ea1e6a66 EXP=dc968d0c GOT=dc968d0c
VEC 338 random_normal PASS A=7d18c01e B=b056ce4b EXP=ee002bb0 GOT=ee002bb0
VEC 339 random_normal PASS A=e124eeb4 B=4de6c14d EXP=ef94aaff GOT=ef94aaff
VEC 340 random_normal PASS A=0609f644 B=5bd54227 EXP=2265db1a GOT=2265db1a
VEC 341 random_normal PASS A=c2f4fd33 B=4e23c8af EXP=d19cbd44 GOT=d19cbd44
VEC 342 random_normal PASS A=f7d18b2f B=32cc9a9f EXP=eb277979 GOT=eb277979
VEC 343 random_normal PASS A=c17d6697 B=bd044251 EXP=3f02ea8a GOT=3f02ea8a
VEC 344 random_normal PASS A=aa9c0f0b B=cb4ec3f9 EXP=367c1724 GOT=367c1724
VEC 345 random_normal PASS A=4cf97ebe B=fc3a4045 EXP=ff800000 GOT=ff800000
VEC 346 random_normal PASS A=4b7afeb1 B=43e15427 EXP=4fdcec5b GOT=4fdcec5b
VEC 347 random_normal PASS A=69be0098 B=499c221c EXP=73e7c35a GOT=73e7c35a
VEC 348 random_normal PASS A=02f0e7e7 B=b626c432 EXP=80000000 GOT=80000000
VEC 349 random_normal PASS A=d8b4323e B=c0f8bb22 EXP=5a2f1464 GOT=5a2f1464
VEC 350 random_normal PASS A=5aa3595f B=48533672 EXP=6386c566 GOT=6386c566
VEC 351 random_normal PASS A=c3e07796 B=faac55ae EXP=7f171b79 GOT=7f171b79
VEC 352 random_normal PASS A=f557a2be B=d743ad3d EXP=7f800000 GOT=7f800000
VEC 353 random_normal PASS A=993f1be0 B=c7cc6a70 EXP=219899ab GOT=219899ab
VEC 354 random_normal PASS A=794c3077 B=dab51028 EXP=ff800000 GOT=ff800000
VEC 355 random_normal PASS A=a97ad465 B=c8460150 EXP=3242018f GOT=3242018f
VEC 356 random_normal PASS A=906133a3 B=e9585abe EXP=3a3e5364 GOT=3a3e5364
VEC 357 random_normal PASS A=258ac4de B=fa943b45 EXP=e0a0b3e2 GOT=e0a0b3e2
VEC 358 random_normal PASS A=f6f13f8f B=e07aa4f0 EXP=7f800000 GOT=7f800000
VEC 359 random_normal PASS A=1a4568f4 B=921bf645 EXP=80000000 GOT=80000000
VEC 360 random_normal PASS A=1f8cfef6 B=523b9b2d EXP=324ea769 GOT=324ea769
VEC 361 random_normal PASS A=0d69ce1e B=dc78ef76 EXP=aa635a60 GOT=aa635a60
VEC 362 random_normal PASS A=57a3310a B=7ba86ed3 EXP=7f800000 GOT=7f800000
VEC 363 random_normal PASS A=d479c773 B=d3b30f8b EXP=68aeb59f GOT=68aeb59f
VEC 364 random_normal PASS A=a9c910fa B=7496e6e5 EXP=deed0a97 GOT=deed0a97
VEC 365 random_normal PASS A=44898c60 B=35ad007d EXP=3ab9e840 GOT=3ab9e840
VEC 366 random_normal PASS A=6be5a16f B=984a1a81 EXP=c4b54927 GOT=c4b54927
VEC 367 random_normal PASS A=01cc636e B=7755c551 EXP=39aaac43 GOT=39aaac43
VEC 368 random_normal PASS A=bafe710b B=6d77d035 EXP=e8f64e02 GOT=e8f64e02
VEC 369 random_normal PASS A=991cd66b B=95757b6b EXP=00000000 GOT=00000000
VEC 370 random_normal PASS A=dc2faabe B=5ed64cfb EXP=fb930d8d GOT=fb930d8d
VEC 371 random_normal PASS A=c9317304 B=4ee7ce37 EXP=d8a0adb9 GOT=d8a0adb9
VEC 372 random_normal PASS A=c253f300 B=33986b28 EXP=b67c61ff GOT=b67c61ff
VEC 373 random_normal PASS A=7e23ff23 B=a9bf8003 EXP=e8755ab9 GOT=e8755ab9
VEC 374 random_normal PASS A=21e231ee B=39c459bd EXP=1c2d7d84 GOT=1c2d7d84
VEC 375 random_normal PASS A=a702ed73 B=d45c0b9b EXP=3be113fc GOT=3be113fc
VEC 376 random_normal PASS A=081e43fb B=a7a8e333 EXP=80000000 GOT=80000000
VEC 377 random_normal PASS A=d84f9c40 B=524b8795 EXP=eb250eda GOT=eb250eda
VEC 378 random_normal PASS A=cf388993 B=7b223190 EXP=ff800000 GOT=ff800000
VEC 379 random_normal PASS A=9474797b B=b5f88830 EXP=0aed57bd GOT=0aed57bd
VEC 380 random_normal PASS A=623f59e4 B=43f25e13 EXP=66b5294a GOT=66b5294a
VEC 381 random_normal PASS A=8a1cb9b7 B=6ab3c08b EXP=b55c1776 GOT=b55c1776
VEC 382 random_normal PASS A=15d3ff84 B=8f349531 EXP=80000000 GOT=80000000
VEC 383 random_normal PASS A=8c720b27 B=3aa1c71a EXP=8798f542 GOT=8798f542
VEC 384 random_normal PASS A=ba8ec7d6 B=d6cee433 EXP=51e6c829 GOT=51e6c829
VEC 385 random_normal PASS A=3341241b B=5fb7c861 EXP=538aa7fc GOT=538aa7fc
VEC 386 random_normal PASS A=066c776e B=da105291 EXP=a1054f72 GOT=a1054f72
VEC 387 random_normal PASS A=7811ab3d B=84c97ec6 EXP=bd654f2b GOT=bd654f2b
VEC 388 random_normal PASS A=97a2ab77 B=b061ea2f EXP=088f8d82 GOT=088f8d82
VEC 389 random_normal PASS A=efe0a399 B=8aa20b9e EXP=3b0e31b8 GOT=3b0e31b8
VEC 390 random_normal PASS A=8fadb072 B=c42099d1 EXP=1459ed47 GOT=1459ed47
VEC 391 random_normal PASS A=6b00e3a0 B=7dcc6184 EXP=7f800000 GOT=7f800000
VEC 392 random_normal PASS A=d6ec93a7 B=e9bacb43 EXP=7f800000 GOT=7f800000
VEC 393 random_normal PASS A=3b589dec B=23b04041 EXP=1f9522f0 GOT=1f9522f0
VEC 394 random_normal PASS A=04eb535a B=1f34c1c3 EXP=00000000 GOT=00000000
VEC 395 random_normal PASS A=0d089874 B=cd0c760d EXP=9a95e4b9 GOT=9a95e4b9
VEC 396 random_normal PASS A=5f0b5319 B=b8bbfda8 EXP=d84c9f7f GOT=d84c9f7f
VEC 397 random_normal PASS A=610e731d B=40ca0d2b EXP=6260dc51 GOT=6260dc51
VEC 398 random_normal PASS A=68d1a3ac B=9ecd406f EXP=c82814d4 GOT=c82814d4
VEC 399 random_normal PASS A=7eb89641 B=a6c6707c EXP=e60f1551 GOT=e60f1551
VEC 400 special_+0_+0 PASS A=00000000 B=00000000 EXP=00000000 GOT=00000000
VEC 401 special_+0_-0 PASS A=00000000 B=80000000 EXP=80000000 GOT=80000000
VEC 402 special_+0_+Inf PASS A=00000000 B=7f800000 EXP=7fc00000 GOT=7fc00000
VEC 403 special_+0_-Inf PASS A=00000000 B=ff800000 EXP=7fc00000 GOT=7fc00000
VEC 404 special_+0_NaN PASS A=00000000 B=7fc00001 EXP=7fc00000 GOT=7fc00000
VEC 405 special_-0_+0 PASS A=80000000 B=00000000 EXP=80000000 GOT=80000000
VEC 406 special_-0_-0 PASS A=80000000 B=80000000 EXP=00000000 GOT=00000000
VEC 407 special_-0_+Inf PASS A=80000000 B=7f800000 EXP=7fc00000 GOT=7fc00000
VEC 408 special_-0_-Inf PASS A=80000000 B=ff800000 EXP=7fc00000 GOT=7fc00000
VEC 409 special_-0_NaN PASS A=80000000 B=7fc00001 EXP=7fc00000 GOT=7fc00000
VEC 410 special_+Inf_+0 PASS A=7f800000 B=00000000 EXP=7fc00000 GOT=7fc00000
VEC 411 special_+Inf_-0 PASS A=7f800000 B=80000000 EXP=7fc00000 GOT=7fc00000
VEC 412 special_+Inf_+Inf PASS A=7f800000 B=7f800000 EXP=7f800000 GOT=7f800000
VEC 413 special_+Inf_-Inf PASS A=7f800000 B=ff800000 EXP=ff800000 GOT=ff800000
VEC 414 special_+Inf_NaN PASS A=7f800000 B=7fc00001 EXP=7fc00000 GOT=7fc00000
VEC 415 special_-Inf_+0 PASS A=ff800000 B=00000000 EXP=7fc00000 GOT=7fc00000
VEC 416 special_-Inf_-0 PASS A=ff800000 B=80000000 EXP=7fc00000 GOT=7fc00000
VEC 417 special_-Inf_+Inf PASS A=ff800000 B=7f800000 EXP=ff800000 GOT=ff800000
VEC 418 special_-Inf_-Inf PASS A=ff800000 B=ff800000 EXP=7f800000 GOT=7f800000
VEC 419 special_-Inf_NaN PASS A=ff800000 B=7fc00001 EXP=7fc00000 GOT=7fc00000
VEC 420 special_NaN_+0 PASS A=7fc00001 B=00000000 EXP=7fc00000 GOT=7fc00000
VEC 421 special_NaN_-0 PASS A=7fc00001 B=80000000 EXP=7fc00000 GOT=7fc00000
VEC 422 special_NaN_+Inf PASS A=7fc00001 B=7f800000 EXP=7fc00000 GOT=7fc00000
VEC 423 special_NaN_-Inf PASS A=7fc00001 B=ff800000 EXP=7fc00000 GOT=7fc00000
VEC 424 special_NaN_NaN PASS A=7fc00001 B=7fc00001 EXP=7fc00000 GOT=7fc00000
VEC 425 specialmix_+0_A PASS A=00000000 B=47acd587 EXP=00000000 GOT=00000000
VEC 426 specialmix_+0_B PASS A=47acd587 B=00000000 EXP=00000000 GOT=00000000
VEC 427 specialmix_+0_A PASS A=00000000 B=c7fee101 EXP=80000000 GOT=80000000
VEC 428 specialmix_+0_B PASS A=c7fee101 B=00000000 EXP=80000000 GOT=80000000
VEC 429 specialmix_+0_A PASS A=00000000 B=7cd82b91 EXP=00000000 GOT=00000000
VEC 430 specialmix_+0_B PASS A=7cd82b91 B=00000000 EXP=00000000 GOT=00000000
VEC 431 specialmix_+0_A PASS A=00000000 B=e5519894 EXP=80000000 GOT=80000000
VEC 432 specialmix_+0_B PASS A=e5519894 B=00000000 EXP=80000000 GOT=80000000
VEC 433 specialmix_+0_A PASS A=00000000 B=b4a63320 EXP=80000000 GOT=80000000
VEC 434 specialmix_+0_B PASS A=b4a63320 B=00000000 EXP=80000000 GOT=80000000
VEC 435 specialmix_+0_A PASS A=00000000 B=b0af12b1 EXP=80000000 GOT=80000000
VEC 436 specialmix_+0_B PASS A=b0af12b1 B=00000000 EXP=80000000 GOT=80000000
VEC 437 specialmix_+0_A PASS A=00000000 B=9f39b02e EXP=80000000 GOT=80000000
VEC 438 specialmix_+0_B PASS A=9f39b02e B=00000000 EXP=80000000 GOT=80000000
VEC 439 specialmix_+0_A PASS A=00000000 B=ee24f43c EXP=80000000 GOT=80000000
VEC 440 specialmix_+0_B PASS A=ee24f43c B=00000000 EXP=80000000 GOT=80000000
VEC 441 specialmix_+0_A PASS A=00000000 B=f58ec071 EXP=80000000 GOT=80000000
VEC 442 specialmix_+0_B PASS A=f58ec071 B=00000000 EXP=80000000 GOT=80000000
VEC 443 specialmix_+0_A PASS A=00000000 B=fc6aa042 EXP=80000000 GOT=80000000
VEC 444 specialmix_+0_B PASS A=fc6aa042 B=00000000 EXP=80000000 GOT=80000000
VEC 445 specialmix_-0_A PASS A=80000000 B=323e2bf9 EXP=80000000 GOT=80000000
VEC 446 specialmix_-0_B PASS A=323e2bf9 B=80000000 EXP=80000000 GOT=80000000
VEC 447 specialmix_-0_A PASS A=80000000 B=9ad48c1d EXP=00000000 GOT=00000000
VEC 448 specialmix_-0_B PASS A=9ad48c1d B=80000000 EXP=00000000 GOT=00000000
VEC 449 specialmix_-0_A PASS A=80000000 B=76f3253a EXP=80000000 GOT=80000000
VEC 450 specialmix_-0_B PASS A=76f3253a B=80000000 EXP=80000000 GOT=80000000
VEC 451 specialmix_-0_A PASS A=80000000 B=8c30c367 EXP=00000000 GOT=00000000
VEC 452 specialmix_-0_B PASS A=8c30c367 B=80000000 EXP=00000000 GOT=00000000
VEC 453 specialmix_-0_A PASS A=80000000 B=22e08e14 EXP=80000000 GOT=80000000
VEC 454 specialmix_-0_B PASS A=22e08e14 B=80000000 EXP=80000000 GOT=80000000
VEC 455 specialmix_-0_A PASS A=80000000 B=7012a1fe EXP=80000000 GOT=80000000
VEC 456 specialmix_-0_B PASS A=7012a1fe B=80000000 EXP=80000000 GOT=80000000
VEC 457 specialmix_-0_A PASS A=80000000 B=67378e65 EXP=80000000 GOT=80000000
VEC 458 specialmix_-0_B PASS A=67378e65 B=80000000 EXP=80000000 GOT=80000000
VEC 459 specialmix_-0_A PASS A=80000000 B=9b553d26 EXP=00000000 GOT=00000000
VEC 460 specialmix_-0_B PASS A=9b553d26 B=80000000 EXP=00000000 GOT=00000000
VEC 461 specialmix_-0_A PASS A=80000000 B=fa83ece8 EXP=00000000 GOT=00000000
VEC 462 specialmix_-0_B PASS A=fa83ece8 B=80000000 EXP=00000000 GOT=00000000
VEC 463 specialmix_-0_A PASS A=80000000 B=7830a564 EXP=80000000 GOT=80000000
VEC 464 specialmix_-0_B PASS A=7830a564 B=80000000 EXP=80000000 GOT=80000000
VEC 465 specialmix_+Inf_A PASS A=7f800000 B=607a9a8e EXP=7f800000 GOT=7f800000
VEC 466 specialmix_+Inf_B PASS A=607a9a8e B=7f800000 EXP=7f800000 GOT=7f800000
VEC 467 specialmix_+Inf_A PASS A=7f800000 B=59b45af9 EXP=7f800000 GOT=7f800000
VEC 468 specialmix_+Inf_B PASS A=59b45af9 B=7f800000 EXP=7f800000 GOT=7f800000
VEC 469 specialmix_+Inf_A PASS A=7f800000 B=f5bd44cb EXP=ff800000 GOT=ff800000
VEC 470 specialmix_+Inf_B PASS A=f5bd44cb B=7f800000 EXP=ff800000 GOT=ff800000
VEC 471 specialmix_+Inf_A PASS A=7f800000 B=e3c87691 EXP=ff800000 GOT=ff800000
VEC 472 specialmix_+Inf_B PASS A=e3c87691 B=7f800000 EXP=ff800000 GOT=ff800000
VEC 473 specialmix_+Inf_A PASS A=7f800000 B=bc5bf86f EXP=ff800000 GOT=ff800000
VEC 474 specialmix_+Inf_B PASS A=bc5bf86f B=7f800000 EXP=ff800000 GOT=ff800000
VEC 475 specialmix_+Inf_A PASS A=7f800000 B=a1dc11ab EXP=ff800000 GOT=ff800000
VEC 476 specialmix_+Inf_B PASS A=a1dc11ab B=7f800000 EXP=ff800000 GOT=ff800000
VEC 477 specialmix_+Inf_A PASS A=7f800000 B=bc193e63 EXP=ff800000 GOT=ff800000
VEC 478 specialmix_+Inf_B PASS A=bc193e63 B=7f800000 EXP=ff800000 GOT=ff800000
VEC 479 specialmix_+Inf_A PASS A=7f800000 B=e1d1face EXP=ff800000 GOT=ff800000
VEC 480 specialmix_+Inf_B PASS A=e1d1face B=7f800000 EXP=ff800000 GOT=ff800000
VEC 481 specialmix_+Inf_A PASS A=7f800000 B=2fd01ba8 EXP=7f800000 GOT=7f800000
VEC 482 specialmix_+Inf_B PASS A=2fd01ba8 B=7f800000 EXP=7f800000 GOT=7f800000
VEC 483 specialmix_+Inf_A PASS A=7f800000 B=8638a56b EXP=ff800000 GOT=ff800000
VEC 484 specialmix_+Inf_B PASS A=8638a56b B=7f800000 EXP=ff800000 GOT=ff800000
VEC 485 specialmix_-Inf_A PASS A=ff800000 B=02c2c217 EXP=ff800000 GOT=ff800000
VEC 486 specialmix_-Inf_B PASS A=02c2c217 B=ff800000 EXP=ff800000 GOT=ff800000
VEC 487 specialmix_-Inf_A PASS A=ff800000 B=a627046f EXP=7f800000 GOT=7f800000
VEC 488 specialmix_-Inf_B PASS A=a627046f B=ff800000 EXP=7f800000 GOT=7f800000
VEC 489 specialmix_-Inf_A PASS A=ff800000 B=2abae280 EXP=ff800000 GOT=ff800000
VEC 490 specialmix_-Inf_B PASS A=2abae280 B=ff800000 EXP=ff800000 GOT=ff800000
VEC 491 specialmix_-Inf_A PASS A=ff800000 B=c93ee829 EXP=7f800000 GOT=7f800000
VEC 492 specialmix_-Inf_B PASS A=c93ee829 B=ff800000 EXP=7f800000 GOT=7f800000
VEC 493 specialmix_-Inf_A PASS A=ff800000 B=c6d66a9c EXP=7f800000 GOT=7f800000
VEC 494 specialmix_-Inf_B PASS A=c6d66a9c B=ff800000 EXP=7f800000 GOT=7f800000
VEC 495 specialmix_-Inf_A PASS A=ff800000 B=e27d1645 EXP=7f800000 GOT=7f800000
VEC 496 specialmix_-Inf_B PASS A=e27d1645 B=ff800000 EXP=7f800000 GOT=7f800000
VEC 497 specialmix_-Inf_A PASS A=ff800000 B=bb2b115c EXP=7f800000 GOT=7f800000
VEC 498 specialmix_-Inf_B PASS A=bb2b115c B=ff800000 EXP=7f800000 GOT=7f800000
VEC 499 specialmix_-Inf_A PASS A=ff800000 B=9623d452 EXP=7f800000 GOT=7f800000
VEC 500 specialmix_-Inf_B PASS A=9623d452 B=ff800000 EXP=7f800000 GOT=7f800000
VEC 501 specialmix_-Inf_A PASS A=ff800000 B=980f0910 EXP=7f800000 GOT=7f800000
VEC 502 specialmix_-Inf_B PASS A=980f0910 B=ff800000 EXP=7f800000 GOT=7f800000
VEC 503 specialmix_-Inf_A PASS A=ff800000 B=6b930751 EXP=ff800000 GOT=ff800000
VEC 504 specialmix_-Inf_B PASS A=6b930751 B=ff800000 EXP=ff800000 GOT=ff800000
VEC 505 specialmix_NaN_A PASS A=7fc00001 B=6201a25e EXP=7fc00000 GOT=7fc00000
VEC 506 specialmix_NaN_B PASS A=6201a25e B=7fc00001 EXP=7fc00000 GOT=7fc00000
VEC 507 specialmix_NaN_A PASS A=7fc00001 B=923b3f38 EXP=7fc00000 GOT=7fc00000
VEC 508 specialmix_NaN_B PASS A=923b3f38 B=7fc00001 EXP=7fc00000 GOT=7fc00000
VEC 509 specialmix_NaN_A PASS A=7fc00001 B=5b26a9e1 EXP=7fc00000 GOT=7fc00000
VEC 510 specialmix_NaN_B PASS A=5b26a9e1 B=7fc00001 EXP=7fc00000 GOT=7fc00000
VEC 511 specialmix_NaN_A PASS A=7fc00001 B=1c74bd0c EXP=7fc00000 GOT=7fc00000
VEC 512 specialmix_NaN_B PASS A=1c74bd0c B=7fc00001 EXP=7fc00000 GOT=7fc00000
VEC 513 specialmix_NaN_A PASS A=7fc00001 B=887bb344 EXP=7fc00000 GOT=7fc00000
VEC 514 specialmix_NaN_B PASS A=887bb344 B=7fc00001 EXP=7fc00000 GOT=7fc00000
VEC 515 specialmix_NaN_A PASS A=7fc00001 B=8281b158 EXP=7fc00000 GOT=7fc00000
VEC 516 specialmix_NaN_B PASS A=8281b158 B=7fc00001 EXP=7fc00000 GOT=7fc00000
VEC 517 specialmix_NaN_A PASS A=7fc00001 B=8204482a EXP=7fc00000 GOT=7fc00000
VEC 518 specialmix_NaN_B PASS A=8204482a B=7fc00001 EXP=7fc00000 GOT=7fc00000
VEC 519 specialmix_NaN_A PASS A=7fc00001 B=c549646b EXP=7fc00000 GOT=7fc00000
VEC 520 specialmix_NaN_B PASS A=c549646b B=7fc00001 EXP=7fc00000 GOT=7fc00000
VEC 521 specialmix_NaN_A PASS A=7fc00001 B=40ee3a0b EXP=7fc00000 GOT=7fc00000
VEC 522 specialmix_NaN_B PASS A=40ee3a0b B=7fc00001 EXP=7fc00000 GOT=7fc00000
VEC 523 specialmix_NaN_A PASS A=7fc00001 B=0e18a806 EXP=7fc00000 GOT=7fc00000
VEC 524 specialmix_NaN_B PASS A=0e18a806 B=7fc00001 EXP=7fc00000 GOT=7fc00000
VEC 525 denormal PASS A=001ed812 B=e8dabca6 EXP=a987b90d GOT=a987b90d
VEC 526 denormal PASS A=8065c07a B=002fc028 EXP=80000000 GOT=80000000
VEC 527 denormal PASS A=803ac071 B=2694a34f EXP=80000000 GOT=80000000
VEC 528 denormal PASS A=000bf7d4 B=80304718 EXP=80000000 GOT=80000000
VEC 529 denormal PASS A=80072ec7 B=0b7ff6b8 EXP=80000000 GOT=80000000
VEC 530 denormal PASS A=80528c53 B=00728885 EXP=80000000 GOT=80000000
VEC 531 denormal PASS A=001d68fe B=a30beb7c EXP=80000000 GOT=80000000
VEC 532 denormal PASS A=00579b5d B=0016f517 EXP=00000000 GOT=00000000
VEC 533 denormal PASS A=80020116 B=60e5f6ba EXP=a1699088 GOT=a1699088
VEC 534 denormal PASS A=00264eb5 B=49639fc4 EXP=0a13df94 GOT=0a13df94
VEC 535 denormal PASS A=803121e0 B=40d88a3f EXP=8195d43c GOT=8195d43c
VEC 536 denormal PASS A=000c80f8 B=006b59b1 EXP=00000000 GOT=00000000
VEC 537 denormal PASS A=002b988c B=8003cac7 EXP=80000000 GOT=80000000
VEC 538 denormal PASS A=80644b4f B=801d33a4 EXP=00000000 GOT=00000000
VEC 539 denormal PASS A=8046c9f1 B=8017c642 EXP=00000000 GOT=00000000
VEC 540 denormal PASS A=800af807 B=005b4724 EXP=80000000 GOT=80000000
VEC 541 denormal PASS A=000a8039 B=0030a3d7 EXP=00000000 GOT=00000000
VEC 542 denormal PASS A=005ead07 B=802e2b6d EXP=80000000 GOT=80000000
VEC 543 denormal PASS A=000bb6f2 B=b95c238d EXP=80000000 GOT=80000000
VEC 544 denormal PASS A=800d15ec B=186e54ac EXP=80000000 GOT=80000000
VEC 545 denormal PASS A=80474b4a B=00035c8d EXP=80000000 GOT=80000000
VEC 546 denormal PASS A=002d4d11 B=ef629ef3 EXP=b01969a3 GOT=b01969a3
VEC 547 denormal PASS A=00255b42 B=8063bbd1 EXP=80000000 GOT=80000000
VEC 548 denormal PASS A=005cc7af B=586177a7 EXP=194272b1 GOT=194272b1
VEC 549 denormal PASS A=0011c583 B=80225b28 EXP=80000000 GOT=80000000
VEC 550 denormal PASS A=8012adff B=3846a56f EXP=80000000 GOT=80000000
VEC 551 denormal PASS A=80265e49 B=002e3958 EXP=80000000 GOT=80000000
VEC 552 denormal PASS A=8078dc47 B=ccb20f72 EXP=0dad182d GOT=0dad182d
VEC 553 denormal PASS A=800db146 B=81654c11 EXP=00000000 GOT=00000000
VEC 554 denormal PASS A=806bb9fd B=8038593a EXP=00000000 GOT=00000000
VEC 555 denormal PASS A=80371e6f B=a9b36b00 EXP=00000000 GOT=00000000
VEC 556 denormal PASS A=80283729 B=fc51b301 EXP=3d09caa7 GOT=3d09caa7
VEC 557 denormal PASS A=805e105d B=0029b6a4 EXP=80000000 GOT=80000000
VEC 558 denormal PASS A=8023e0e1 B=800e93e1 EXP=00000000 GOT=00000000
VEC 559 denormal PASS A=004bce19 B=7a762cdf EXP=3b43fbc4 GOT=3b43fbc4
VEC 560 denormal PASS A=00381f4b B=0068d3de EXP=00000000 GOT=00000000
VEC 561 denormal PASS A=80562422 B=00511128 EXP=80000000 GOT=80000000
VEC 562 denormal PASS A=801efa8d B=005b8cde EXP=80000000 GOT=80000000
VEC 563 denormal PASS A=80650078 B=00397b05 EXP=80000000 GOT=80000000
VEC 564 denormal PASS A=804a86f9 B=8045962b EXP=00000000 GOT=00000000
VEC 565 denormal PASS A=00653658 B=000dffd2 EXP=00000000 GOT=00000000
VEC 566 denormal PASS A=00542c4b B=0052d0e5 EXP=00000000 GOT=00000000
VEC 567 denormal PASS A=0048179b B=807b9c9c EXP=80000000 GOT=80000000
VEC 568 denormal PASS A=800d8f98 B=21b8d510 EXP=80000000 GOT=80000000
VEC 569 denormal PASS A=00390f46 B=803b45a8 EXP=80000000 GOT=80000000
VEC 570 denormal PASS A=002c27e5 B=8dcba172 EXP=80000000 GOT=80000000
VEC 571 denormal PASS A=8075d481 B=6aa444d3 EXP=ab9dbe39 GOT=ab9dbe39
VEC 572 denormal PASS A=8027ec06 B=806462f6 EXP=00000000 GOT=00000000
VEC 573 denormal PASS A=0042b3e5 B=803cf2e5 EXP=80000000 GOT=80000000
VEC 574 denormal PASS A=003815d3 B=8008992c EXP=80000000 GOT=80000000
VEC 575 denormal PASS A=8005b82d B=6d57d3f4 EXP=ade178c8 GOT=ade178c8
VEC 576 denormal PASS A=0056ac81 B=42aca8f7 EXP=0390c997 GOT=0390c997
VEC 577 denormal PASS A=002a5ddf B=801dad72 EXP=80000000 GOT=80000000
VEC 578 denormal PASS A=80509bfd B=526ea05d EXP=934273b2 GOT=934273b2
VEC 579 denormal PASS A=8003bc93 B=cc6df72c EXP=0cf4e98b GOT=0cf4e98b
VEC 580 denormal PASS A=800091d2 B=2410042d EXP=80000000 GOT=80000000
VEC 581 denormal PASS A=00665618 B=aa327375 EXP=80000000 GOT=80000000
VEC 582 denormal PASS A=800e9614 B=80438c2b EXP=00000000 GOT=00000000
VEC 583 denormal PASS A=804c698b B=804b22f9 EXP=00000000 GOT=00000000
VEC 584 denormal PASS A=002c88cc B=804f05be EXP=80000000 GOT=80000000
VEC 585 denormal PASS A=00682894 B=005607b5 EXP=00000000 GOT=00000000
VEC 586 denormal PASS A=00281679 B=279df05d EXP=00000000 GOT=00000000
VEC 587 denormal PASS A=002fc87f B=b6234b45 EXP=80000000 GOT=80000000
VEC 588 denormal PASS A=80362623 B=d1ac591d EXP=1275420e GOT=1275420e
VEC 589 denormal PASS A=003eac98 B=0017f2d9 EXP=00000000 GOT=00000000
VEC 590 denormal PASS A=806bc62c B=006ec96f EXP=80000000 GOT=80000000
VEC 591 denormal PASS A=8079d5f6 B=91b1f3f0 EXP=00000000 GOT=00000000
VEC 592 denormal PASS A=807b5ec1 B=8057a424 EXP=00000000 GOT=00000000
VEC 593 denormal PASS A=80353361 B=80156890 EXP=00000000 GOT=00000000
VEC 594 denormal PASS A=00485ef5 B=25885eb4 EXP=00000000 GOT=00000000
VEC 595 denormal PASS A=801cc7ac B=0063ef4c EXP=80000000 GOT=80000000
VEC 596 denormal PASS A=8048673c B=00494eb2 EXP=80000000 GOT=80000000
VEC 597 denormal PASS A=00224a30 B=006147d1 EXP=00000000 GOT=00000000
VEC 598 denormal PASS A=8045eee8 B=8dbf5e3b EXP=00000000 GOT=00000000
VEC 599 denormal PASS A=806ff9c5 B=a2593c57 EXP=00000000 GOT=00000000
VEC 600 denormal PASS A=00383372 B=1b59c2f1 EXP=00000000 GOT=00000000
VEC 601 denormal PASS A=80153ee3 B=68b4fa32 EXP=a9530428 GOT=a9530428
VEC 602 denormal PASS A=0048f833 B=804c65d6 EXP=80000000 GOT=80000000
VEC 603 denormal PASS A=00296d7c B=80494f67 EXP=80000000 GOT=80000000
VEC 604 denormal PASS A=8079e828 B=7be95e5e EXP=bce3d06b GOT=bce3d06b
VEC 605 denormal PASS A=007f09ca B=0059c859 EXP=00000000 GOT=00000000
VEC 606 denormal PASS A=001ff56d B=eabf5fbf EXP=ab6f27df GOT=ab6f27df
VEC 607 denormal PASS A=803ea696 B=d0ea0aa7 EXP=11ae4c33 GOT=11ae4c33
VEC 608 denormal PASS A=8039dade B=344739cc EXP=80000000 GOT=80000000
VEC 609 denormal PASS A=803a3378 B=804a7d85 EXP=00000000 GOT=00000000
VEC 610 denormal PASS A=006f385f B=d1dbb47c EXP=92cd4de0 GOT=92cd4de0
VEC 611 denormal PASS A=0065d8c7 B=007beba4 EXP=00000000 GOT=00000000
VEC 612 denormal PASS A=8069949c B=a2d2a74a EXP=00000000 GOT=00000000
VEC 613 denormal PASS A=802b3b90 B=e557ff51 EXP=261079cc GOT=261079cc
VEC 614 denormal PASS A=0005e176 B=829fce01 EXP=80000000 GOT=80000000
VEC 615 denormal PASS A=00387c0f B=007ef48f EXP=00000000 GOT=00000000
VEC 616 denormal PASS A=8019e591 B=94c62623 EXP=00000000 GOT=00000000
VEC 617 denormal PASS A=0053c98a B=800a8cc2 EXP=80000000 GOT=80000000
VEC 618 denormal PASS A=80550ea0 B=334e35da EXP=80000000 GOT=80000000
VEC 619 denormal PASS A=0036f10b B=00b6a2c5 EXP=00000000 GOT=00000000
VEC 620 denormal PASS A=8009f9e6 B=42f1efe7 EXP=8382658e GOT=8382658e
VEC 621 denormal PASS A=00010832 B=007e7bdd EXP=00000000 GOT=00000000
VEC 622 denormal PASS A=8058d603 B=89ba9c43 EXP=00000000 GOT=00000000
VEC 623 denormal PASS A=800b6f34 B=28de1885 EXP=80000000 GOT=80000000
VEC 624 denormal PASS A=80118d74 B=00521f2b EXP=80000000 GOT=80000000
VEC 625 overflow_edge PASS A=66022b66 B=7259e770 EXP=7f800000 GOT=7f800000
VEC 626 overflow_edge PASS A=7826c074 B=f7f14011 EXP=ff800000 GOT=ff800000
VEC 627 overflow_edge PASS A=6699b814 B=7c1f873b EXP=7f800000 GOT=7f800000
VEC 628 overflow_edge PASS A=ef6dec6b B=fd23cbe9 EXP=7f800000 GOT=7f800000
VEC 629 overflow_edge PASS A=6c959152 B=75c8f091 EXP=7f800000 GOT=7f800000
VEC 630 overflow_edge PASS A=7f4d38e4 B=74b04b23 EXP=7f800000 GOT=7f800000
VEC 631 overflow_edge PASS A=ed0df83e B=73e2c965 EXP=ff800000 GOT=ff800000
VEC 632 overflow_edge PASS A=6bffe4a4 B=748316d2 EXP=7f800000 GOT=7f800000
VEC 633 overflow_edge PASS A=ee21c9a1 B=feebbdb6 EXP=7f800000 GOT=7f800000
VEC 634 overflow_edge PASS A=f52c3aac B=fc92af97 EXP=7f800000 GOT=7f800000
VEC 635 overflow_edge PASS A=769149d0 B=6c373aed EXP=7f800000 GOT=7f800000
VEC 636 overflow_edge PASS A=65e5e1b0 B=f86a59c0 EXP=ff800000 GOT=ff800000
VEC 637 overflow_edge PASS A=fa66fba7 B=78271610 EXP=ff800000 GOT=ff800000
VEC 638 overflow_edge PASS A=e6cf560e B=743404c0 EXP=ff800000 GOT=ff800000
VEC 639 overflow_edge PASS A=7553a5e8 B=f690eceb EXP=ff800000 GOT=ff800000
VEC 640 overflow_edge PASS A=fa6fff15 B=65be9639 EXP=ff800000 GOT=ff800000
VEC 641 overflow_edge PASS A=719db14b B=f78e165b EXP=ff800000 GOT=ff800000
VEC 642 overflow_edge PASS A=f92cf721 B=6423204f EXP=ff800000 GOT=ff800000
VEC 643 overflow_edge PASS A=697f14ea B=f4c25e02 EXP=ff800000 GOT=ff800000
VEC 644 overflow_edge PASS A=6fa07e86 B=fb1e38f7 EXP=ff800000 GOT=ff800000
VEC 645 overflow_edge PASS A=6eede837 B=f49059ea EXP=ff800000 GOT=ff800000
VEC 646 overflow_edge PASS A=fa93badc B=f2dc3114 EXP=7f800000 GOT=7f800000
VEC 647 overflow_edge PASS A=73aab8bd B=e9414f49 EXP=ff800000 GOT=ff800000
VEC 648 overflow_edge PASS A=761d8680 B=7b80a854 EXP=7f800000 GOT=7f800000
VEC 649 overflow_edge PASS A=7f03254f B=6578c590 EXP=7f800000 GOT=7f800000
VEC 650 overflow_edge PASS A=f0266bf2 B=7f090d96 EXP=ff800000 GOT=ff800000
VEC 651 overflow_edge PASS A=eb52619d B=7151e744 EXP=ff800000 GOT=ff800000
VEC 652 overflow_edge PASS A=fe13f068 B=e78d7bec EXP=7f800000 GOT=7f800000
VEC 653 overflow_edge PASS A=6b0bc1f9 B=e6771069 EXP=ff800000 GOT=ff800000
VEC 654 overflow_edge PASS A=fccf89e3 B=e6f4ed51 EXP=7f800000 GOT=7f800000
VEC 655 overflow_edge PASS A=6fb35f2f B=f64dcd00 EXP=ff800000 GOT=ff800000
VEC 656 overflow_edge PASS A=72de472e B=fcb20734 EXP=ff800000 GOT=ff800000
VEC 657 overflow_edge PASS A=6881a1fb B=e4bba5bd EXP=ff800000 GOT=ff800000
VEC 658 overflow_edge PASS A=f80274ce B=e460538c EXP=7f800000 GOT=7f800000
VEC 659 overflow_edge PASS A=e734879e B=717df59a EXP=ff800000 GOT=ff800000
VEC 660 overflow_edge PASS A=68c7a2a1 B=653b41c9 EXP=7f800000 GOT=7f800000
VEC 661 overflow_edge PASS A=fa5f5ba2 B=fb95bc2a EXP=7f800000 GOT=7f800000
VEC 662 overflow_edge PASS A=74222df6 B=e60ff1c5 EXP=ff800000 GOT=ff800000
VEC 663 overflow_edge PASS A=f9217619 B=6d42d04d EXP=ff800000 GOT=ff800000
VEC 664 overflow_edge PASS A=fde4988b B=ee73e7f0 EXP=7f800000 GOT=7f800000
VEC 665 overflow_edge PASS A=eb131eb7 B=681be5a4 EXP=ff800000 GOT=ff800000
VEC 666 overflow_edge PASS A=672a147a B=f2d0647c EXP=ff800000 GOT=ff800000
VEC 667 overflow_edge PASS A=e7dbb8b9 B=724eed41 EXP=ff800000 GOT=ff800000
VEC 668 overflow_edge PASS A=ec1eb2a7 B=694de108 EXP=ff800000 GOT=ff800000
VEC 669 overflow_edge PASS A=6ad3ea49 B=66bf8b44 EXP=7f800000 GOT=7f800000
VEC 670 overflow_edge PASS A=f08c8807 B=ec2c8298 EXP=7f800000 GOT=7f800000
VEC 671 overflow_edge PASS A=70f3c374 B=67764877 EXP=7f800000 GOT=7f800000
VEC 672 overflow_edge PASS A=7da3c97a B=640fc98d EXP=7f800000 GOT=7f800000
VEC 673 overflow_edge PASS A=6832b8d8 B=ef95839b EXP=ff800000 GOT=ff800000
VEC 674 overflow_edge PASS A=fe13325c B=66329fc4 EXP=ff800000 GOT=ff800000
VEC 675 overflow_edge PASS A=fda0f87b B=7f54e074 EXP=ff800000 GOT=ff800000
VEC 676 overflow_edge PASS A=657603c3 B=696ee356 EXP=7f800000 GOT=7f800000
VEC 677 overflow_edge PASS A=f3878c26 B=f9ed39da EXP=7f800000 GOT=7f800000
VEC 678 overflow_edge PASS A=6f36f7a2 B=6cc7a48c EXP=7f800000 GOT=7f800000
VEC 679 overflow_edge PASS A=e888dec9 B=78cb8c03 EXP=ff800000 GOT=ff800000
VEC 680 overflow_edge PASS A=f17aa1c5 B=66c79f66 EXP=ff800000 GOT=ff800000
VEC 681 overflow_edge PASS A=e86b52f9 B=78bfc825 EXP=ff800000 GOT=ff800000
VEC 682 overflow_edge PASS A=705beec5 B=f57c13f4 EXP=ff800000 GOT=ff800000
VEC 683 overflow_edge PASS A=f65254aa B=ecae0869 EXP=7f800000 GOT=7f800000
VEC 684 overflow_edge PASS A=6e3811b5 B=7dc7eb34 EXP=7f800000 GOT=7f800000
VEC 685 overflow_edge PASS A=7df8c04e B=fcbb964c EXP=ff800000 GOT=ff800000
VEC 686 overflow_edge PASS A=673f738f B=6c8e5007 EXP=7f800000 GOT=7f800000
VEC 687 overflow_edge PASS A=76636fa8 B=feac7864 EXP=ff800000 GOT=ff800000
VEC 688 overflow_edge PASS A=6bd168bb B=f687388b EXP=ff800000 GOT=ff800000
VEC 689 overflow_edge PASS A=f62460d0 B=7efe0292 EXP=ff800000 GOT=ff800000
VEC 690 overflow_edge PASS A=e9fd8d3d B=668e6106 EXP=ff800000 GOT=ff800000
VEC 691 overflow_edge PASS A=773803dc B=74fa5d7c EXP=7f800000 GOT=7f800000
VEC 692 overflow_edge PASS A=6eb3932b B=6ead6e02 EXP=7f800000 GOT=7f800000
VEC 693 overflow_edge PASS A=e5859c15 B=76a44359 EXP=ff800000 GOT=ff800000
VEC 694 overflow_edge PASS A=7f5d696b B=6fe545c0 EXP=7f800000 GOT=7f800000
VEC 695 overflow_edge PASS A=6ecd407b B=e828522c EXP=ff800000 GOT=ff800000
VEC 696 overflow_edge PASS A=fd7cb923 B=e9db58eb EXP=7f800000 GOT=7f800000
VEC 697 overflow_edge PASS A=792ce3d8 B=edcb657b EXP=ff800000 GOT=ff800000
VEC 698 overflow_edge PASS A=698075d3 B=ff084a3c EXP=ff800000 GOT=ff800000
VEC 699 overflow_edge PASS A=775176a9 B=781aa6f7 EXP=7f800000 GOT=7f800000
VEC 700 overflow_edge PASS A=e8d4c774 B=6bd8c88c EXP=ff800000 GOT=ff800000
VEC 701 overflow_edge PASS A=e916b6bf B=f202ead2 EXP=7f800000 GOT=7f800000
VEC 702 overflow_edge PASS A=eabfe1e8 B=6f41b455 EXP=ff800000 GOT=ff800000
VEC 703 overflow_edge PASS A=7b0053f6 B=70702f31 EXP=7f800000 GOT=7f800000
VEC 704 overflow_edge PASS A=e969fd28 B=f059ea49 EXP=7f800000 GOT=7f800000
VEC 705 underflow_edge PASS A=83fabfce B=05f38792 EXP=80000000 GOT=80000000
VEC 706 underflow_edge PASS A=01cb7f21 B=0ac2d943 EXP=00000000 GOT=00000000
VEC 707 underflow_edge PASS A=02d780be B=0ca93109 EXP=00000000 GOT=00000000
VEC 708 underflow_edge PASS A=1217d5b5 B=93fb94a3 EXP=80000000 GOT=80000000
VEC 709 underflow_edge PASS A=0e2a3d41 B=858db5d4 EXP=80000000 GOT=80000000
VEC 710 underflow_edge PASS A=0b349ef4 B=0dc3e864 EXP=00000000 GOT=00000000
VEC 711 underflow_edge PASS A=8a3ccff6 B=0264953d EXP=80000000 GOT=80000000
VEC 712 underflow_edge PASS A=850df407 B=80ed7795 EXP=00000000 GOT=00000000
VEC 713 underflow_edge PASS A=09faf6cd B=0386969d EXP=00000000 GOT=00000000
VEC 714 underflow_edge PASS A=05cab427 B=0f9d91fe EXP=00000000 GOT=00000000
VEC 715 underflow_edge PASS A=8d788fd0 B=889754bf EXP=00000000 GOT=00000000
VEC 716 underflow_edge PASS A=865efb33 B=8c2fc3e6 EXP=00000000 GOT=00000000
VEC 717 underflow_edge PASS A=81c3675d B=8f436e3c EXP=00000000 GOT=00000000
VEC 718 underflow_edge PASS A=090fc799 B=0395f0ea EXP=00000000 GOT=00000000
VEC 719 underflow_edge PASS A=91e9fb07 B=120f9ca1 EXP=80000000 GOT=80000000
VEC 720 underflow_edge PASS A=916b2b78 B=92bc5309 EXP=00000000 GOT=00000000
VEC 721 underflow_edge PASS A=8a143665 B=81a5bf21 EXP=00000000 GOT=00000000
VEC 722 underflow_edge PASS A=0eac41cb B=0731567f EXP=00000000 GOT=00000000
VEC 723 underflow_edge PASS A=01ec624c B=0e33b0fb EXP=00000000 GOT=00000000
VEC 724 underflow_edge PASS A=13c204d7 B=8296476e EXP=80000000 GOT=80000000
VEC 725 underflow_edge PASS A=9265b90e B=897549c9 EXP=00000000 GOT=00000000
VEC 726 underflow_edge PASS A=146b6a80 B=0da64ef5 EXP=00000000 GOT=00000000
VEC 727 underflow_edge PASS A=1299a6f8 B=1299da82 EXP=00000000 GOT=00000000
VEC 728 underflow_edge PASS A=91d807cf B=88e20f23 EXP=00000000 GOT=00000000
VEC 729 underflow_edge PASS A=92f91995 B=0646818a EXP=80000000 GOT=80000000
VEC 730 underflow_edge PASS A=8566d71d B=0d54dccb EXP=80000000 GOT=80000000
VEC 731 underflow_edge PASS A=0279a7e6 B=8c052dfb EXP=80000000 GOT=80000000
VEC 732 underflow_edge PASS A=8a4f9a5f B=901924c6 EXP=00000000 GOT=00000000
VEC 733 underflow_edge PASS A=04ccec49 B=8ac4f8b5 EXP=80000000 GOT=80000000
VEC 734 underflow_edge PASS A=9396db80 B=0eb61db0 EXP=80000000 GOT=80000000
VEC 735 underflow_edge PASS A=905fb894 B=10a8b26b EXP=80000000 GOT=80000000
VEC 736 underflow_edge PASS A=0a67443f B=11076925 EXP=00000000 GOT=00000000
VEC 737 underflow_edge PASS A=06b362d4 B=08087758 EXP=00000000 GOT=00000000
VEC 738 underflow_edge PASS A=825c418a B=095e4c4f EXP=80000000 GOT=80000000
VEC 739 underflow_edge PASS A=90e59e02 B=013defa7 EXP=80000000 GOT=80000000
VEC 740 underflow_edge PASS A=907233d5 B=0fd989dd EXP=80000000 GOT=80000000
VEC 741 underflow_edge PASS A=85c23789 B=098706fe EXP=80000000 GOT=80000000
VEC 742 underflow_edge PASS A=8229b44c B=07b9a0f1 EXP=80000000 GOT=80000000
VEC 743 underflow_edge PASS A=0968d576 B=00f95e6f EXP=00000000 GOT=00000000
VEC 744 underflow_edge PASS A=06022aad B=08ce329b EXP=00000000 GOT=00000000
VEC 745 underflow_edge PASS A=8e6060b1 B=8f4082fc EXP=00000000 GOT=00000000
VEC 746 underflow_edge PASS A=0f4d5961 B=931a3120 EXP=80000000 GOT=80000000
VEC 747 underflow_edge PASS A=10dfcd85 B=8a1bacbd EXP=80000000 GOT=80000000
VEC 748 underflow_edge PASS A=82d616af B=8ac6e1ee EXP=00000000 GOT=00000000
VEC 749 underflow_edge PASS A=8a30385d B=113d846f EXP=80000000 GOT=80000000
VEC 750 underflow_edge PASS A=13e772fe B=8486843c EXP=80000000 GOT=80000000
VEC 751 underflow_edge PASS A=89c269c2 B=8d6365fc EXP=00000000 GOT=00000000
VEC 752 underflow_edge PASS A=13309e47 B=87f9c9c8 EXP=80000000 GOT=80000000
VEC 753 underflow_edge PASS A=90ccd991 B=122e5eeb EXP=80000000 GOT=80000000
VEC 754 underflow_edge PASS A=83f88518 B=08aedd91 EXP=80000000 GOT=80000000
VEC 755 underflow_edge PASS A=8338e59b B=87ce9d23 EXP=00000000 GOT=00000000
VEC 756 underflow_edge PASS A=8b5f2694 B=934b46ef EXP=00000000 GOT=00000000
VEC 757 underflow_edge PASS A=84787515 B=13123b31 EXP=80000000 GOT=80000000
VEC 758 underflow_edge PASS A=869eac41 B=914c610a EXP=00000000 GOT=00000000
VEC 759 underflow_edge PASS A=8226996a B=06d7b936 EXP=80000000 GOT=80000000
VEC 760 underflow_edge PASS A=92f52366 B=0aae2bdc EXP=80000000 GOT=80000000
VEC 761 underflow_edge PASS A=10552734 B=0a8ed9fa EXP=00000000 GOT=00000000
VEC 762 underflow_edge PASS A=0ec605ec B=05a88f34 EXP=00000000 GOT=00000000
VEC 763 underflow_edge PASS A=832120bf B=8e6744cb EXP=00000000 GOT=00000000
VEC 764 underflow_edge PASS A=8fe22106 B=01b30ccf EXP=80000000 GOT=80000000
VEC 765 underflow_edge PASS A=80d27c8f B=01010e42 EXP=80000000 GOT=80000000
VEC 766 underflow_edge PASS A=07d8274e B=849a4b16 EXP=80000000 GOT=80000000
VEC 767 underflow_edge PASS A=90ce5d8f B=028bb432 EXP=80000000 GOT=80000000
VEC 768 underflow_edge PASS A=89f4b796 B=8e224006 EXP=00000000 GOT=00000000
VEC 769 underflow_edge PASS A=905bf7dd B=05e744ac EXP=80000000 GOT=80000000
VEC 770 underflow_edge PASS A=07b96d1f B=07059c1b EXP=00000000 GOT=00000000
VEC 771 underflow_edge PASS A=045dd8ef B=0cc17b66 EXP=00000000 GOT=00000000
VEC 772 underflow_edge PASS A=138c4721 B=010c5921 EXP=00000000 GOT=00000000
VEC 773 underflow_edge PASS A=0df1be94 B=8440b374 EXP=80000000 GOT=80000000
VEC 774 underflow_edge PASS A=85349b50 B=0a6bbe3b EXP=80000000 GOT=80000000
VEC 775 underflow_edge PASS A=11451d38 B=0d9adba8 EXP=00000000 GOT=00000000
VEC 776 underflow_edge PASS A=099d2fed B=1032da81 EXP=00000000 GOT=00000000
VEC 777 underflow_edge PASS A=08b3a0da B=8dcb9c22 EXP=80000000 GOT=80000000
VEC 778 underflow_edge PASS A=01ff111a B=0fd4a270 EXP=00000000 GOT=00000000
VEC 779 underflow_edge PASS A=0083438b B=047e7d9a EXP=00000000 GOT=00000000
VEC 780 underflow_edge PASS A=0313365c B=08bb2d52 EXP=00000000 GOT=00000000
VEC 781 underflow_edge PASS A=89c39db2 B=82198d13 EXP=00000000 GOT=00000000
VEC 782 underflow_edge PASS A=01ca629c B=8aed0e05 EXP=80000000 GOT=80000000
VEC 783 underflow_edge PASS A=038bbf63 B=04aba6b1 EXP=00000000 GOT=00000000
VEC 784 underflow_edge PASS A=8bf00e0e B=835f642a EXP=00000000 GOT=00000000
VEC 785 identity_mul1 PASS A=979d2418 B=3f800000 EXP=979d2418 GOT=979d2418
VEC 786 identity_mulneg1 PASS A=979d2418 B=bf800000 EXP=179d2418 GOT=179d2418
VEC 787 identity_mul1 PASS A=b3f4dfb8 B=3f800000 EXP=b3f4dfb8 GOT=b3f4dfb8
VEC 788 identity_mulneg1 PASS A=b3f4dfb8 B=bf800000 EXP=33f4dfb8 GOT=33f4dfb8
VEC 789 identity_mul1 PASS A=eb62be40 B=3f800000 EXP=eb62be40 GOT=eb62be40
VEC 790 identity_mulneg1 PASS A=eb62be40 B=bf800000 EXP=6b62be40 GOT=6b62be40
VEC 791 identity_mul1 PASS A=e6ebf724 B=3f800000 EXP=e6ebf724 GOT=e6ebf724
VEC 792 identity_mulneg1 PASS A=e6ebf724 B=bf800000 EXP=66ebf724 GOT=66ebf724
VEC 793 identity_mul1 PASS A=0ea1ec47 B=3f800000 EXP=0ea1ec47 GOT=0ea1ec47
VEC 794 identity_mulneg1 PASS A=0ea1ec47 B=bf800000 EXP=8ea1ec47 GOT=8ea1ec47
VEC 795 identity_mul1 PASS A=7e28ce23 B=3f800000 EXP=7e28ce23 GOT=7e28ce23
VEC 796 identity_mulneg1 PASS A=7e28ce23 B=bf800000 EXP=fe28ce23 GOT=fe28ce23
VEC 797 identity_mul1 PASS A=35fb9094 B=3f800000 EXP=35fb9094 GOT=35fb9094
VEC 798 identity_mulneg1 PASS A=35fb9094 B=bf800000 EXP=b5fb9094 GOT=b5fb9094
VEC 799 identity_mul1 PASS A=97e13758 B=3f800000 EXP=97e13758 GOT=97e13758
VEC 800 identity_mulneg1 PASS A=97e13758 B=bf800000 EXP=17e13758 GOT=17e13758
VEC 801 identity_mul1 PASS A=ce876080 B=3f800000 EXP=ce876080 GOT=ce876080
VEC 802 identity_mulneg1 PASS A=ce876080 B=bf800000 EXP=4e876080 GOT=4e876080
VEC 803 identity_mul1 PASS A=3e7cf59d B=3f800000 EXP=3e7cf59d GOT=3e7cf59d
VEC 804 identity_mulneg1 PASS A=3e7cf59d B=bf800000 EXP=be7cf59d GOT=be7cf59d
VEC 805 identity_mul1 PASS A=726949ec B=3f800000 EXP=726949ec GOT=726949ec
VEC 806 identity_mulneg1 PASS A=726949ec B=bf800000 EXP=f26949ec GOT=f26949ec
VEC 807 identity_mul1 PASS A=861036ca B=3f800000 EXP=861036ca GOT=861036ca
VEC 808 identity_mulneg1 PASS A=861036ca B=bf800000 EXP=061036ca GOT=061036ca
VEC 809 identity_mul1 PASS A=d45071e5 B=3f800000 EXP=d45071e5 GOT=d45071e5
VEC 810 identity_mulneg1 PASS A=d45071e5 B=bf800000 EXP=545071e5 GOT=545071e5
VEC 811 identity_mul1 PASS A=5ab95713 B=3f800000 EXP=5ab95713 GOT=5ab95713
VEC 812 identity_mulneg1 PASS A=5ab95713 B=bf800000 EXP=dab95713 GOT=dab95713
VEC 813 identity_mul1 PASS A=c29861c9 B=3f800000 EXP=c29861c9 GOT=c29861c9
VEC 814 identity_mulneg1 PASS A=c29861c9 B=bf800000 EXP=429861c9 GOT=429861c9
VEC 815 identity_mul1 PASS A=d53fa2bd B=3f800000 EXP=d53fa2bd GOT=d53fa2bd
VEC 816 identity_mulneg1 PASS A=d53fa2bd B=bf800000 EXP=553fa2bd GOT=553fa2bd
VEC 817 identity_mul1 PASS A=ace28746 B=3f800000 EXP=ace28746 GOT=ace28746
VEC 818 identity_mulneg1 PASS A=ace28746 B=bf800000 EXP=2ce28746 GOT=2ce28746
VEC 819 identity_mul1 PASS A=6b8df80b B=3f800000 EXP=6b8df80b GOT=6b8df80b
VEC 820 identity_mulneg1 PASS A=6b8df80b B=bf800000 EXP=eb8df80b GOT=eb8df80b
VEC 821 identity_mul1 PASS A=52a82c64 B=3f800000 EXP=52a82c64 GOT=52a82c64
VEC 822 identity_mulneg1 PASS A=52a82c64 B=bf800000 EXP=d2a82c64 GOT=d2a82c64
VEC 823 identity_mul1 PASS A=edfeef09 B=3f800000 EXP=edfeef09 GOT=edfeef09
VEC 824 identity_mulneg1 PASS A=edfeef09 B=bf800000 EXP=6dfeef09 GOT=6dfeef09
VEC 825 identity_mul1 PASS A=0a7ddca4 B=3f800000 EXP=0a7ddca4 GOT=0a7ddca4
VEC 826 identity_mulneg1 PASS A=0a7ddca4 B=bf800000 EXP=8a7ddca4 GOT=8a7ddca4
VEC 827 identity_mul1 PASS A=9f54b586 B=3f800000 EXP=9f54b586 GOT=9f54b586
VEC 828 identity_mulneg1 PASS A=9f54b586 B=bf800000 EXP=1f54b586 GOT=1f54b586
VEC 829 identity_mul1 PASS A=86b9034b B=3f800000 EXP=86b9034b GOT=86b9034b
VEC 830 identity_mulneg1 PASS A=86b9034b B=bf800000 EXP=06b9034b GOT=06b9034b
VEC 831 identity_mul1 PASS A=b43c28f5 B=3f800000 EXP=b43c28f5 GOT=b43c28f5
VEC 832 identity_mulneg1 PASS A=b43c28f5 B=bf800000 EXP=343c28f5 GOT=343c28f5
VEC 833 identity_mul1 PASS A=3b71b65c B=3f800000 EXP=3b71b65c GOT=3b71b65c
VEC 834 identity_mulneg1 PASS A=3b71b65c B=bf800000 EXP=bb71b65c GOT=bb71b65c
VEC 835 identity_mul1 PASS A=8bff9ad2 B=3f800000 EXP=8bff9ad2 GOT=8bff9ad2
VEC 836 identity_mulneg1 PASS A=8bff9ad2 B=bf800000 EXP=0bff9ad2 GOT=0bff9ad2
VEC 837 identity_mul1 PASS A=a89e6392 B=3f800000 EXP=a89e6392 GOT=a89e6392
VEC 838 identity_mulneg1 PASS A=a89e6392 B=bf800000 EXP=289e6392 GOT=289e6392
VEC 839 identity_mul1 PASS A=df848c84 B=3f800000 EXP=df848c84 GOT=df848c84
VEC 840 identity_mulneg1 PASS A=df848c84 B=bf800000 EXP=5f848c84 GOT=5f848c84
VEC 841 identity_mul1 PASS A=34698f04 B=3f800000 EXP=34698f04 GOT=34698f04
VEC 842 identity_mulneg1 PASS A=34698f04 B=bf800000 EXP=b4698f04 GOT=b4698f04
VEC 843 identity_mul1 PASS A=47800b1f B=3f800000 EXP=47800b1f GOT=47800b1f
VEC 844 identity_mulneg1 PASS A=47800b1f B=bf800000 EXP=c7800b1f GOT=c7800b1f
VEC 845 boundary_exp254 PASS A=cb34f434 B=f3d74238 EXP=7f800000 GOT=7f800000
VEC 846 boundary_exp254 PASS A=6e391129 B=d0d4fc28 EXP=ff800000 GOT=ff800000
VEC 847 boundary_exp254 PASS A=fc73d92a B=4298f1a1 EXP=ff800000 GOT=ff800000
VEC 848 boundary_exp254 PASS A=5bd7632e B=e34abf6f EXP=ff800000 GOT=ff800000
VEC 849 boundary_exp254 PASS A=6f0bb81d B=4ffe0f60 EXP=7f800000 GOT=7f800000
VEC 850 boundary_exp254 PASS A=d11b61d4 B=edb227e8 EXP=7f58447c GOT=7f58447c
VEC 851 boundary_exp254 PASS A=57e494dd B=677500f7 EXP=7f800000 GOT=7f800000
VEC 852 boundary_exp254 PASS A=d79b9689 B=e70be772 EXP=7f2a0ecd GOT=7f2a0ecd
VEC 853 boundary_exp254 PASS A=cf75175f B=6fffb33b EXP=ff800000 GOT=ff800000
VEC 854 boundary_exp254 PASS A=406ecca9 B=fead5d23 EXP=ff800000 GOT=ff800000
VEC 855 boundary_exp254 PASS A=559a8283 B=e952645a EXP=ff7df741 GOT=ff7df741
VEC 856 boundary_exp254 PASS A=f0bf8c93 B=ce65dace EXP=7f800000 GOT=7f800000
VEC 857 boundary_exp254 PASS A=eb73edb2 B=53a35fc3 EXP=ff800000 GOT=ff800000
VEC 858 boundary_exp254 PASS A=f4505c75 B=4ab36d77 EXP=ff800000 GOT=ff800000
VEC 859 boundary_exp254 PASS A=da586528 B=64ad8522 EXP=ff800000 GOT=ff800000
VEC 860 boundary_exp254 PASS A=68da2c41 B=d66adfd5 EXP=ff800000 GOT=ff800000
VEC 861 boundary_exp254 PASS A=e40344ed B=5a86783c EXP=ff09e776 GOT=ff09e776
VEC 862 boundary_exp254 PASS A=700d95aa B=4eb32cce EXP=7f4630db GOT=7f4630db
VEC 863 boundary_exp254 PASS A=61c95fa2 B=dd257c54 EXP=ff800000 GOT=ff800000
VEC 864 boundary_exp254 PASS A=c7343967 B=77dbd29c EXP=ff800000 GOT=ff800000
